mode: atomic
github.com/CosmWasm/wasmd/x/wasm/types/ante.go:15.65,17.2 1 1
github.com/CosmWasm/wasmd/x/wasm/types/ante.go:21.48,24.2 2 2
github.com/CosmWasm/wasmd/x/wasm/types/query.pb.go:42.52,42.87 1 0
github.com/CosmWasm/wasmd/x/wasm/types/query.pb.go:43.52,43.89 1 0
github.com/CosmWasm/wasmd/x/wasm/types/query.pb.go:44.53,44.54 0 0
github.com/CosmWasm/wasmd/x/wasm/types/query.pb.go:45.63,47.2 1 0
github.com/CosmWasm/wasmd/x/wasm/types/query.pb.go:48.66,50.2 1 0
github.com/CosmWasm/wasmd/x/wasm/types/query.pb.go:51.94,52.19 1 0
github.com/CosmWasm/wasmd/x/wasm/types/query.pb.go:52.19,54.3 1 0
github.com/CosmWasm/wasmd/x/wasm/types/query.pb.go:54.8,57.17 3 0
github.com/CosmWasm/wasmd/x/wasm/types/query.pb.go:60.3,60.20 1 0
github.com/CosmWasm/wasmd/x/wasm/types/query.pb.go:57.17,59.4 1 0
github.com/CosmWasm/wasmd/x/wasm/types/query.pb.go:63.65,65.2 1 0
github.com/CosmWasm/wasmd/x/wasm/types/query.pb.go:66.51,68.2 1 0
github.com/CosmWasm/wasmd/x/wasm/types/query.pb.go:69.57,71.2 1 0
github.com/CosmWasm/wasmd/x/wasm/types/query.pb.go:83.53,83.89 1 0
github.com/CosmWasm/wasmd/x/wasm/types/query.pb.go:84.53,84.90 1 0
github.com/CosmWasm/wasmd/x/wasm/types/query.pb.go:85.54,85.55 0 0
github.com/CosmWasm/wasmd/x/wasm/types/query.pb.go:86.64,88.2 1 0
github.com/CosmWasm/wasmd/x/wasm/types/query.pb.go:89.67,91.2 1 0
github.com/CosmWasm/wasmd/x/wasm/types/query.pb.go:92.95,93.19 1 0
github.com/CosmWasm/wasmd/x/wasm/types/query.pb.go:93.19,95.3 1 0
github.com/CosmWasm/wasmd/x/wasm/types/query.pb.go:95.8,98.17 3 0
github.com/CosmWasm/wasmd/x/wasm/types/query.pb.go:101.3,101.20 1 0
github.com/CosmWasm/wasmd/x/wasm/types/query.pb.go:98.17,100.4 1 0
github.com/CosmWasm/wasmd/x/wasm/types/query.pb.go:104.66,106.2 1 0
github.com/CosmWasm/wasmd/x/wasm/types/query.pb.go:107.52,109.2 1 0
github.com/CosmWasm/wasmd/x/wasm/types/query.pb.go:110.58,112.2 1 0
github.com/CosmWasm/wasmd/x/wasm/types/query.pb.go:125.55,125.93 1 0
github.com/CosmWasm/wasmd/x/wasm/types/query.pb.go:126.55,126.92 1 0
github.com/CosmWasm/wasmd/x/wasm/types/query.pb.go:127.56,127.57 0 0
github.com/CosmWasm/wasmd/x/wasm/types/query.pb.go:128.66,130.2 1 0
github.com/CosmWasm/wasmd/x/wasm/types/query.pb.go:131.69,133.2 1 0
github.com/CosmWasm/wasmd/x/wasm/types/query.pb.go:134.97,135.19 1 0
github.com/CosmWasm/wasmd/x/wasm/types/query.pb.go:135.19,137.3 1 0
github.com/CosmWasm/wasmd/x/wasm/types/query.pb.go:137.8,140.17 3 0
github.com/CosmWasm/wasmd/x/wasm/types/query.pb.go:143.3,143.20 1 0
github.com/CosmWasm/wasmd/x/wasm/types/query.pb.go:140.17,142.4 1 0
github.com/CosmWasm/wasmd/x/wasm/types/query.pb.go:146.68,148.2 1 0
github.com/CosmWasm/wasmd/x/wasm/types/query.pb.go:149.54,151.2 1 0
github.com/CosmWasm/wasmd/x/wasm/types/query.pb.go:152.60,154.2 1 0
github.com/CosmWasm/wasmd/x/wasm/types/query.pb.go:166.56,166.95 1 0
github.com/CosmWasm/wasmd/x/wasm/types/query.pb.go:167.56,167.93 1 0
github.com/CosmWasm/wasmd/x/wasm/types/query.pb.go:168.57,168.58 0 0
github.com/CosmWasm/wasmd/x/wasm/types/query.pb.go:169.67,171.2 1 0
github.com/CosmWasm/wasmd/x/wasm/types/query.pb.go:172.70,174.2 1 0
github.com/CosmWasm/wasmd/x/wasm/types/query.pb.go:175.98,176.19 1 0
github.com/CosmWasm/wasmd/x/wasm/types/query.pb.go:176.19,178.3 1 0
github.com/CosmWasm/wasmd/x/wasm/types/query.pb.go:178.8,181.17 3 0
github.com/CosmWasm/wasmd/x/wasm/types/query.pb.go:184.3,184.20 1 0
github.com/CosmWasm/wasmd/x/wasm/types/query.pb.go:181.17,183.4 1 0
github.com/CosmWasm/wasmd/x/wasm/types/query.pb.go:187.69,189.2 1 0
github.com/CosmWasm/wasmd/x/wasm/types/query.pb.go:190.55,192.2 1 0
github.com/CosmWasm/wasmd/x/wasm/types/query.pb.go:193.61,195.2 1 0
github.com/CosmWasm/wasmd/x/wasm/types/query.pb.go:207.55,207.93 1 0
github.com/CosmWasm/wasmd/x/wasm/types/query.pb.go:208.55,208.92 1 0
github.com/CosmWasm/wasmd/x/wasm/types/query.pb.go:209.56,209.57 0 0
github.com/CosmWasm/wasmd/x/wasm/types/query.pb.go:210.66,212.2 1 0
github.com/CosmWasm/wasmd/x/wasm/types/query.pb.go:213.69,215.2 1 0
github.com/CosmWasm/wasmd/x/wasm/types/query.pb.go:216.97,217.19 1 0
github.com/CosmWasm/wasmd/x/wasm/types/query.pb.go:217.19,219.3 1 0
github.com/CosmWasm/wasmd/x/wasm/types/query.pb.go:219.8,222.17 3 0
github.com/CosmWasm/wasmd/x/wasm/types/query.pb.go:225.3,225.20 1 0
github.com/CosmWasm/wasmd/x/wasm/types/query.pb.go:222.17,224.4 1 0
github.com/CosmWasm/wasmd/x/wasm/types/query.pb.go:228.68,230.2 1 0
github.com/CosmWasm/wasmd/x/wasm/types/query.pb.go:231.54,233.2 1 0
github.com/CosmWasm/wasmd/x/wasm/types/query.pb.go:234.60,236.2 1 0
github.com/CosmWasm/wasmd/x/wasm/types/query.pb.go:249.56,249.95 1 0
github.com/CosmWasm/wasmd/x/wasm/types/query.pb.go:250.56,250.93 1 0
github.com/CosmWasm/wasmd/x/wasm/types/query.pb.go:251.57,251.58 0 0
github.com/CosmWasm/wasmd/x/wasm/types/query.pb.go:252.67,254.2 1 0
github.com/CosmWasm/wasmd/x/wasm/types/query.pb.go:255.70,257.2 1 0
github.com/CosmWasm/wasmd/x/wasm/types/query.pb.go:258.98,259.19 1 0
github.com/CosmWasm/wasmd/x/wasm/types/query.pb.go:259.19,261.3 1 0
github.com/CosmWasm/wasmd/x/wasm/types/query.pb.go:261.8,264.17 3 0
github.com/CosmWasm/wasmd/x/wasm/types/query.pb.go:267.3,267.20 1 0
github.com/CosmWasm/wasmd/x/wasm/types/query.pb.go:264.17,266.4 1 0
github.com/CosmWasm/wasmd/x/wasm/types/query.pb.go:270.69,272.2 1 0
github.com/CosmWasm/wasmd/x/wasm/types/query.pb.go:273.55,275.2 1 0
github.com/CosmWasm/wasmd/x/wasm/types/query.pb.go:276.61,278.2 1 0
github.com/CosmWasm/wasmd/x/wasm/types/query.pb.go:291.56,291.95 1 0
github.com/CosmWasm/wasmd/x/wasm/types/query.pb.go:292.56,292.93 1 0
github.com/CosmWasm/wasmd/x/wasm/types/query.pb.go:293.57,293.58 0 0
github.com/CosmWasm/wasmd/x/wasm/types/query.pb.go:294.67,296.2 1 0
github.com/CosmWasm/wasmd/x/wasm/types/query.pb.go:297.70,299.2 1 0
github.com/CosmWasm/wasmd/x/wasm/types/query.pb.go:300.98,301.19 1 0
github.com/CosmWasm/wasmd/x/wasm/types/query.pb.go:301.19,303.3 1 0
github.com/CosmWasm/wasmd/x/wasm/types/query.pb.go:303.8,306.17 3 0
github.com/CosmWasm/wasmd/x/wasm/types/query.pb.go:309.3,309.20 1 0
github.com/CosmWasm/wasmd/x/wasm/types/query.pb.go:306.17,308.4 1 0
github.com/CosmWasm/wasmd/x/wasm/types/query.pb.go:312.69,314.2 1 0
github.com/CosmWasm/wasmd/x/wasm/types/query.pb.go:315.55,317.2 1 0
github.com/CosmWasm/wasmd/x/wasm/types/query.pb.go:318.61,320.2 1 0
github.com/CosmWasm/wasmd/x/wasm/types/query.pb.go:332.57,332.97 1 0
github.com/CosmWasm/wasmd/x/wasm/types/query.pb.go:333.57,333.94 1 0
github.com/CosmWasm/wasmd/x/wasm/types/query.pb.go:334.58,334.59 0 0
github.com/CosmWasm/wasmd/x/wasm/types/query.pb.go:335.68,337.2 1 0
github.com/CosmWasm/wasmd/x/wasm/types/query.pb.go:338.71,340.2 1 0
github.com/CosmWasm/wasmd/x/wasm/types/query.pb.go:341.99,342.19 1 0
github.com/CosmWasm/wasmd/x/wasm/types/query.pb.go:342.19,344.3 1 0
github.com/CosmWasm/wasmd/x/wasm/types/query.pb.go:344.8,347.17 3 0
github.com/CosmWasm/wasmd/x/wasm/types/query.pb.go:350.3,350.20 1 0
github.com/CosmWasm/wasmd/x/wasm/types/query.pb.go:347.17,349.4 1 0
github.com/CosmWasm/wasmd/x/wasm/types/query.pb.go:353.70,355.2 1 0
github.com/CosmWasm/wasmd/x/wasm/types/query.pb.go:356.56,358.2 1 0
github.com/CosmWasm/wasmd/x/wasm/types/query.pb.go:359.62,361.2 1 0
github.com/CosmWasm/wasmd/x/wasm/types/query.pb.go:373.56,373.95 1 0
github.com/CosmWasm/wasmd/x/wasm/types/query.pb.go:374.56,374.93 1 0
github.com/CosmWasm/wasmd/x/wasm/types/query.pb.go:375.57,375.58 0 0
github.com/CosmWasm/wasmd/x/wasm/types/query.pb.go:376.67,378.2 1 0
github.com/CosmWasm/wasmd/x/wasm/types/query.pb.go:379.70,381.2 1 0
github.com/CosmWasm/wasmd/x/wasm/types/query.pb.go:382.98,383.19 1 0
github.com/CosmWasm/wasmd/x/wasm/types/query.pb.go:383.19,385.3 1 0
github.com/CosmWasm/wasmd/x/wasm/types/query.pb.go:385.8,388.17 3 0
github.com/CosmWasm/wasmd/x/wasm/types/query.pb.go:391.3,391.20 1 0
github.com/CosmWasm/wasmd/x/wasm/types/query.pb.go:388.17,390.4 1 0
github.com/CosmWasm/wasmd/x/wasm/types/query.pb.go:394.69,396.2 1 0
github.com/CosmWasm/wasmd/x/wasm/types/query.pb.go:397.55,399.2 1 0
github.com/CosmWasm/wasmd/x/wasm/types/query.pb.go:400.61,402.2 1 0
github.com/CosmWasm/wasmd/x/wasm/types/query.pb.go:413.57,413.97 1 0
github.com/CosmWasm/wasmd/x/wasm/types/query.pb.go:414.57,414.94 1 0
github.com/CosmWasm/wasmd/x/wasm/types/query.pb.go:415.58,415.59 0 0
github.com/CosmWasm/wasmd/x/wasm/types/query.pb.go:416.68,418.2 1 0
github.com/CosmWasm/wasmd/x/wasm/types/query.pb.go:419.71,421.2 1 0
github.com/CosmWasm/wasmd/x/wasm/types/query.pb.go:422.99,423.19 1 0
github.com/CosmWasm/wasmd/x/wasm/types/query.pb.go:423.19,425.3 1 0
github.com/CosmWasm/wasmd/x/wasm/types/query.pb.go:425.8,428.17 3 0
github.com/CosmWasm/wasmd/x/wasm/types/query.pb.go:431.3,431.20 1 0
github.com/CosmWasm/wasmd/x/wasm/types/query.pb.go:428.17,430.4 1 0
github.com/CosmWasm/wasmd/x/wasm/types/query.pb.go:434.70,436.2 1 0
github.com/CosmWasm/wasmd/x/wasm/types/query.pb.go:437.56,439.2 1 0
github.com/CosmWasm/wasmd/x/wasm/types/query.pb.go:440.62,442.2 1 0
github.com/CosmWasm/wasmd/x/wasm/types/query.pb.go:455.58,455.99 1 0
github.com/CosmWasm/wasmd/x/wasm/types/query.pb.go:456.58,456.95 1 0
github.com/CosmWasm/wasmd/x/wasm/types/query.pb.go:457.59,457.60 0 0
github.com/CosmWasm/wasmd/x/wasm/types/query.pb.go:458.69,460.2 1 0
github.com/CosmWasm/wasmd/x/wasm/types/query.pb.go:461.72,463.2 1 0
github.com/CosmWasm/wasmd/x/wasm/types/query.pb.go:464.100,465.19 1 0
github.com/CosmWasm/wasmd/x/wasm/types/query.pb.go:465.19,467.3 1 0
github.com/CosmWasm/wasmd/x/wasm/types/query.pb.go:467.8,470.17 3 0
github.com/CosmWasm/wasmd/x/wasm/types/query.pb.go:473.3,473.20 1 0
github.com/CosmWasm/wasmd/x/wasm/types/query.pb.go:470.17,472.4 1 0
github.com/CosmWasm/wasmd/x/wasm/types/query.pb.go:476.71,478.2 1 0
github.com/CosmWasm/wasmd/x/wasm/types/query.pb.go:479.57,481.2 1 0
github.com/CosmWasm/wasmd/x/wasm/types/query.pb.go:482.63,484.2 1 0
github.com/CosmWasm/wasmd/x/wasm/types/query.pb.go:495.59,495.101 1 0
github.com/CosmWasm/wasmd/x/wasm/types/query.pb.go:496.59,496.96 1 0
github.com/CosmWasm/wasmd/x/wasm/types/query.pb.go:497.60,497.61 0 0
github.com/CosmWasm/wasmd/x/wasm/types/query.pb.go:498.70,500.2 1 0
github.com/CosmWasm/wasmd/x/wasm/types/query.pb.go:501.73,503.2 1 0
github.com/CosmWasm/wasmd/x/wasm/types/query.pb.go:504.101,505.19 1 0
github.com/CosmWasm/wasmd/x/wasm/types/query.pb.go:505.19,507.3 1 0
github.com/CosmWasm/wasmd/x/wasm/types/query.pb.go:507.8,510.17 3 0
github.com/CosmWasm/wasmd/x/wasm/types/query.pb.go:513.3,513.20 1 0
github.com/CosmWasm/wasmd/x/wasm/types/query.pb.go:510.17,512.4 1 0
github.com/CosmWasm/wasmd/x/wasm/types/query.pb.go:516.72,518.2 1 0
github.com/CosmWasm/wasmd/x/wasm/types/query.pb.go:519.58,521.2 1 0
github.com/CosmWasm/wasmd/x/wasm/types/query.pb.go:522.64,524.2 1 0
github.com/CosmWasm/wasmd/x/wasm/types/query.pb.go:533.44,533.71 1 0
github.com/CosmWasm/wasmd/x/wasm/types/query.pb.go:534.44,534.81 1 0
github.com/CosmWasm/wasmd/x/wasm/types/query.pb.go:535.45,535.46 0 0
github.com/CosmWasm/wasmd/x/wasm/types/query.pb.go:536.55,538.2 1 0
github.com/CosmWasm/wasmd/x/wasm/types/query.pb.go:539.58,541.2 1 0
github.com/CosmWasm/wasmd/x/wasm/types/query.pb.go:542.86,543.19 1 0
github.com/CosmWasm/wasmd/x/wasm/types/query.pb.go:543.19,545.3 1 0
github.com/CosmWasm/wasmd/x/wasm/types/query.pb.go:545.8,548.17 3 0
github.com/CosmWasm/wasmd/x/wasm/types/query.pb.go:551.3,551.20 1 0
github.com/CosmWasm/wasmd/x/wasm/types/query.pb.go:548.17,550.4 1 0
github.com/CosmWasm/wasmd/x/wasm/types/query.pb.go:554.57,556.2 1 0
github.com/CosmWasm/wasmd/x/wasm/types/query.pb.go:557.43,559.2 1 0
github.com/CosmWasm/wasmd/x/wasm/types/query.pb.go:560.49,562.2 1 0
github.com/CosmWasm/wasmd/x/wasm/types/query.pb.go:574.44,574.71 1 0
github.com/CosmWasm/wasmd/x/wasm/types/query.pb.go:575.44,575.81 1 0
github.com/CosmWasm/wasmd/x/wasm/types/query.pb.go:576.45,576.46 0 0
github.com/CosmWasm/wasmd/x/wasm/types/query.pb.go:577.55,579.2 1 0
github.com/CosmWasm/wasmd/x/wasm/types/query.pb.go:580.58,582.2 1 0
github.com/CosmWasm/wasmd/x/wasm/types/query.pb.go:583.86,584.19 1 0
github.com/CosmWasm/wasmd/x/wasm/types/query.pb.go:584.19,586.3 1 0
github.com/CosmWasm/wasmd/x/wasm/types/query.pb.go:586.8,589.17 3 0
github.com/CosmWasm/wasmd/x/wasm/types/query.pb.go:592.3,592.20 1 0
github.com/CosmWasm/wasmd/x/wasm/types/query.pb.go:589.17,591.4 1 0
github.com/CosmWasm/wasmd/x/wasm/types/query.pb.go:595.57,597.2 1 0
github.com/CosmWasm/wasmd/x/wasm/types/query.pb.go:598.43,600.2 1 0
github.com/CosmWasm/wasmd/x/wasm/types/query.pb.go:601.49,603.2 1 0
github.com/CosmWasm/wasmd/x/wasm/types/query.pb.go:613.45,613.73 1 0
github.com/CosmWasm/wasmd/x/wasm/types/query.pb.go:614.45,614.82 1 0
github.com/CosmWasm/wasmd/x/wasm/types/query.pb.go:615.46,615.47 0 0
github.com/CosmWasm/wasmd/x/wasm/types/query.pb.go:616.56,618.2 1 0
github.com/CosmWasm/wasmd/x/wasm/types/query.pb.go:619.59,621.2 1 0
github.com/CosmWasm/wasmd/x/wasm/types/query.pb.go:622.87,623.19 1 0
github.com/CosmWasm/wasmd/x/wasm/types/query.pb.go:623.19,625.3 1 0
github.com/CosmWasm/wasmd/x/wasm/types/query.pb.go:625.8,628.17 3 0
github.com/CosmWasm/wasmd/x/wasm/types/query.pb.go:631.3,631.20 1 0
github.com/CosmWasm/wasmd/x/wasm/types/query.pb.go:628.17,630.4 1 0
github.com/CosmWasm/wasmd/x/wasm/types/query.pb.go:634.58,636.2 1 0
github.com/CosmWasm/wasmd/x/wasm/types/query.pb.go:637.44,639.2 1 0
github.com/CosmWasm/wasmd/x/wasm/types/query.pb.go:640.50,642.2 1 0
github.com/CosmWasm/wasmd/x/wasm/types/query.pb.go:652.45,652.73 1 0
github.com/CosmWasm/wasmd/x/wasm/types/query.pb.go:653.45,653.82 1 0
github.com/CosmWasm/wasmd/x/wasm/types/query.pb.go:654.46,654.47 0 0
github.com/CosmWasm/wasmd/x/wasm/types/query.pb.go:655.56,657.2 1 0
github.com/CosmWasm/wasmd/x/wasm/types/query.pb.go:658.59,660.2 1 0
github.com/CosmWasm/wasmd/x/wasm/types/query.pb.go:661.87,662.19 1 0
github.com/CosmWasm/wasmd/x/wasm/types/query.pb.go:662.19,664.3 1 0
github.com/CosmWasm/wasmd/x/wasm/types/query.pb.go:664.8,667.17 3 0
github.com/CosmWasm/wasmd/x/wasm/types/query.pb.go:670.3,670.20 1 0
github.com/CosmWasm/wasmd/x/wasm/types/query.pb.go:667.17,669.4 1 0
github.com/CosmWasm/wasmd/x/wasm/types/query.pb.go:673.58,675.2 1 0
github.com/CosmWasm/wasmd/x/wasm/types/query.pb.go:676.44,678.2 1 0
github.com/CosmWasm/wasmd/x/wasm/types/query.pb.go:679.50,681.2 1 0
github.com/CosmWasm/wasmd/x/wasm/types/query.pb.go:692.46,692.75 1 0
github.com/CosmWasm/wasmd/x/wasm/types/query.pb.go:693.46,693.83 1 0
github.com/CosmWasm/wasmd/x/wasm/types/query.pb.go:694.47,694.48 0 0
github.com/CosmWasm/wasmd/x/wasm/types/query.pb.go:695.57,697.2 1 0
github.com/CosmWasm/wasmd/x/wasm/types/query.pb.go:698.60,700.2 1 0
github.com/CosmWasm/wasmd/x/wasm/types/query.pb.go:701.88,702.19 1 0
github.com/CosmWasm/wasmd/x/wasm/types/query.pb.go:702.19,704.3 1 0
github.com/CosmWasm/wasmd/x/wasm/types/query.pb.go:704.8,707.17 3 0
github.com/CosmWasm/wasmd/x/wasm/types/query.pb.go:710.3,710.20 1 0
github.com/CosmWasm/wasmd/x/wasm/types/query.pb.go:707.17,709.4 1 0
github.com/CosmWasm/wasmd/x/wasm/types/query.pb.go:713.59,715.2 1 0
github.com/CosmWasm/wasmd/x/wasm/types/query.pb.go:716.45,718.2 1 0
github.com/CosmWasm/wasmd/x/wasm/types/query.pb.go:719.51,721.2 1 0
github.com/CosmWasm/wasmd/x/wasm/types/query.pb.go:732.51,732.85 1 0
github.com/CosmWasm/wasmd/x/wasm/types/query.pb.go:733.51,733.88 1 0
github.com/CosmWasm/wasmd/x/wasm/types/query.pb.go:734.52,734.53 0 0
github.com/CosmWasm/wasmd/x/wasm/types/query.pb.go:735.62,737.2 1 0
github.com/CosmWasm/wasmd/x/wasm/types/query.pb.go:738.65,740.2 1 0
github.com/CosmWasm/wasmd/x/wasm/types/query.pb.go:741.93,742.19 1 0
github.com/CosmWasm/wasmd/x/wasm/types/query.pb.go:742.19,744.3 1 0
github.com/CosmWasm/wasmd/x/wasm/types/query.pb.go:744.8,747.17 3 0
github.com/CosmWasm/wasmd/x/wasm/types/query.pb.go:750.3,750.20 1 0
github.com/CosmWasm/wasmd/x/wasm/types/query.pb.go:747.17,749.4 1 0
github.com/CosmWasm/wasmd/x/wasm/types/query.pb.go:753.64,755.2 1 0
github.com/CosmWasm/wasmd/x/wasm/types/query.pb.go:756.50,758.2 1 0
github.com/CosmWasm/wasmd/x/wasm/types/query.pb.go:759.56,761.2 1 0
github.com/CosmWasm/wasmd/x/wasm/types/query.pb.go:773.52,773.87 1 0
github.com/CosmWasm/wasmd/x/wasm/types/query.pb.go:774.52,774.89 1 0
github.com/CosmWasm/wasmd/x/wasm/types/query.pb.go:775.53,775.54 0 0
github.com/CosmWasm/wasmd/x/wasm/types/query.pb.go:776.63,778.2 1 0
github.com/CosmWasm/wasmd/x/wasm/types/query.pb.go:779.66,781.2 1 0
github.com/CosmWasm/wasmd/x/wasm/types/query.pb.go:782.94,783.19 1 0
github.com/CosmWasm/wasmd/x/wasm/types/query.pb.go:783.19,785.3 1 0
github.com/CosmWasm/wasmd/x/wasm/types/query.pb.go:785.8,788.17 3 0
github.com/CosmWasm/wasmd/x/wasm/types/query.pb.go:791.3,791.20 1 0
github.com/CosmWasm/wasmd/x/wasm/types/query.pb.go:788.17,790.4 1 0
github.com/CosmWasm/wasmd/x/wasm/types/query.pb.go:794.65,796.2 1 0
github.com/CosmWasm/wasmd/x/wasm/types/query.pb.go:797.51,799.2 1 0
github.com/CosmWasm/wasmd/x/wasm/types/query.pb.go:800.57,802.2 1 0
github.com/CosmWasm/wasmd/x/wasm/types/query.pb.go:806.13,826.2 19 1
github.com/CosmWasm/wasmd/x/wasm/types/query.pb.go:828.13,828.100 1 1
github.com/CosmWasm/wasmd/x/wasm/types/query.pb.go:909.69,910.17 1 0
github.com/CosmWasm/wasmd/x/wasm/types/query.pb.go:914.2,915.9 2 0
github.com/CosmWasm/wasmd/x/wasm/types/query.pb.go:923.2,923.18 1 0
github.com/CosmWasm/wasmd/x/wasm/types/query.pb.go:928.2,928.35 1 0
github.com/CosmWasm/wasmd/x/wasm/types/query.pb.go:931.2,931.51 1 0
github.com/CosmWasm/wasmd/x/wasm/types/query.pb.go:934.2,934.13 1 0
github.com/CosmWasm/wasmd/x/wasm/types/query.pb.go:910.17,912.3 1 0
github.com/CosmWasm/wasmd/x/wasm/types/query.pb.go:915.9,917.9 2 0
github.com/CosmWasm/wasmd/x/wasm/types/query.pb.go:917.9,919.4 1 0
github.com/CosmWasm/wasmd/x/wasm/types/query.pb.go:919.9,921.4 1 0
github.com/CosmWasm/wasmd/x/wasm/types/query.pb.go:923.18,925.3 1 0
github.com/CosmWasm/wasmd/x/wasm/types/query.pb.go:925.8,925.24 1 0
github.com/CosmWasm/wasmd/x/wasm/types/query.pb.go:925.24,927.3 1 0
github.com/CosmWasm/wasmd/x/wasm/types/query.pb.go:928.35,930.3 1 0
github.com/CosmWasm/wasmd/x/wasm/types/query.pb.go:931.51,933.3 1 0
github.com/CosmWasm/wasmd/x/wasm/types/query.pb.go:936.60,937.17 1 0
github.com/CosmWasm/wasmd/x/wasm/types/query.pb.go:941.2,942.9 2 0
github.com/CosmWasm/wasmd/x/wasm/types/query.pb.go:950.2,950.18 1 0
github.com/CosmWasm/wasmd/x/wasm/types/query.pb.go:955.2,955.33 1 0
github.com/CosmWasm/wasmd/x/wasm/types/query.pb.go:958.2,958.35 1 0
github.com/CosmWasm/wasmd/x/wasm/types/query.pb.go:961.2,961.49 1 0
github.com/CosmWasm/wasmd/x/wasm/types/query.pb.go:964.2,964.69 1 0
github.com/CosmWasm/wasmd/x/wasm/types/query.pb.go:967.2,967.13 1 0
github.com/CosmWasm/wasmd/x/wasm/types/query.pb.go:937.17,939.3 1 0
github.com/CosmWasm/wasmd/x/wasm/types/query.pb.go:942.9,944.9 2 0
github.com/CosmWasm/wasmd/x/wasm/types/query.pb.go:944.9,946.4 1 0
github.com/CosmWasm/wasmd/x/wasm/types/query.pb.go:946.9,948.4 1 0
github.com/CosmWasm/wasmd/x/wasm/types/query.pb.go:950.18,952.3 1 0
github.com/CosmWasm/wasmd/x/wasm/types/query.pb.go:952.8,952.24 1 0
github.com/CosmWasm/wasmd/x/wasm/types/query.pb.go:952.24,954.3 1 0
github.com/CosmWasm/wasmd/x/wasm/types/query.pb.go:955.33,957.3 1 0
github.com/CosmWasm/wasmd/x/wasm/types/query.pb.go:958.35,960.3 1 0
github.com/CosmWasm/wasmd/x/wasm/types/query.pb.go:961.49,963.3 1 0
github.com/CosmWasm/wasmd/x/wasm/types/query.pb.go:964.69,966.3 1 0
github.com/CosmWasm/wasmd/x/wasm/types/query.pb.go:969.61,970.17 1 0
github.com/CosmWasm/wasmd/x/wasm/types/query.pb.go:974.2,975.9 2 0
github.com/CosmWasm/wasmd/x/wasm/types/query.pb.go:983.2,983.18 1 0
github.com/CosmWasm/wasmd/x/wasm/types/query.pb.go:988.2,988.58 1 0
github.com/CosmWasm/wasmd/x/wasm/types/query.pb.go:991.2,991.41 1 0
github.com/CosmWasm/wasmd/x/wasm/types/query.pb.go:994.2,994.13 1 0
github.com/CosmWasm/wasmd/x/wasm/types/query.pb.go:970.17,972.3 1 0
github.com/CosmWasm/wasmd/x/wasm/types/query.pb.go:975.9,977.9 2 0
github.com/CosmWasm/wasmd/x/wasm/types/query.pb.go:977.9,979.4 1 0
github.com/CosmWasm/wasmd/x/wasm/types/query.pb.go:979.9,981.4 1 0
github.com/CosmWasm/wasmd/x/wasm/types/query.pb.go:983.18,985.3 1 0
github.com/CosmWasm/wasmd/x/wasm/types/query.pb.go:985.8,985.24 1 0
github.com/CosmWasm/wasmd/x/wasm/types/query.pb.go:985.24,987.3 1 0
github.com/CosmWasm/wasmd/x/wasm/types/query.pb.go:988.58,990.3 1 0
github.com/CosmWasm/wasmd/x/wasm/types/query.pb.go:991.41,993.3 1 0
github.com/CosmWasm/wasmd/x/wasm/types/query.pb.go:1033.54,1035.2 1 0
github.com/CosmWasm/wasmd/x/wasm/types/query.pb.go:1037.148,1040.16 3 0
github.com/CosmWasm/wasmd/x/wasm/types/query.pb.go:1043.2,1043.17 1 0
github.com/CosmWasm/wasmd/x/wasm/types/query.pb.go:1040.16,1042.3 1 0
github.com/CosmWasm/wasmd/x/wasm/types/query.pb.go:1046.157,1049.16 3 0
github.com/CosmWasm/wasmd/x/wasm/types/query.pb.go:1052.2,1052.17 1 0
github.com/CosmWasm/wasmd/x/wasm/types/query.pb.go:1049.16,1051.3 1 0
github.com/CosmWasm/wasmd/x/wasm/types/query.pb.go:1055.157,1058.16 3 0
github.com/CosmWasm/wasmd/x/wasm/types/query.pb.go:1061.2,1061.17 1 0
github.com/CosmWasm/wasmd/x/wasm/types/query.pb.go:1058.16,1060.3 1 0
github.com/CosmWasm/wasmd/x/wasm/types/query.pb.go:1064.160,1067.16 3 0
github.com/CosmWasm/wasmd/x/wasm/types/query.pb.go:1070.2,1070.17 1 0
github.com/CosmWasm/wasmd/x/wasm/types/query.pb.go:1067.16,1069.3 1 0
github.com/CosmWasm/wasmd/x/wasm/types/query.pb.go:1073.160,1076.16 3 0
github.com/CosmWasm/wasmd/x/wasm/types/query.pb.go:1079.2,1079.17 1 0
github.com/CosmWasm/wasmd/x/wasm/types/query.pb.go:1076.16,1078.3 1 0
github.com/CosmWasm/wasmd/x/wasm/types/query.pb.go:1082.166,1085.16 3 0
github.com/CosmWasm/wasmd/x/wasm/types/query.pb.go:1088.2,1088.17 1 0
github.com/CosmWasm/wasmd/x/wasm/types/query.pb.go:1085.16,1087.3 1 0
github.com/CosmWasm/wasmd/x/wasm/types/query.pb.go:1091.124,1094.16 3 0
github.com/CosmWasm/wasmd/x/wasm/types/query.pb.go:1097.2,1097.17 1 0
github.com/CosmWasm/wasmd/x/wasm/types/query.pb.go:1094.16,1096.3 1 0
github.com/CosmWasm/wasmd/x/wasm/types/query.pb.go:1100.127,1103.16 3 0
github.com/CosmWasm/wasmd/x/wasm/types/query.pb.go:1106.2,1106.17 1 0
github.com/CosmWasm/wasmd/x/wasm/types/query.pb.go:1103.16,1105.3 1 0
github.com/CosmWasm/wasmd/x/wasm/types/query.pb.go:1109.145,1112.16 3 0
github.com/CosmWasm/wasmd/x/wasm/types/query.pb.go:1115.2,1115.17 1 0
github.com/CosmWasm/wasmd/x/wasm/types/query.pb.go:1112.16,1114.3 1 0
github.com/CosmWasm/wasmd/x/wasm/types/query.pb.go:1144.135,1146.2 1 0
github.com/CosmWasm/wasmd/x/wasm/types/query.pb.go:1147.144,1149.2 1 0
github.com/CosmWasm/wasmd/x/wasm/types/query.pb.go:1150.144,1152.2 1 0
github.com/CosmWasm/wasmd/x/wasm/types/query.pb.go:1153.147,1155.2 1 0
github.com/CosmWasm/wasmd/x/wasm/types/query.pb.go:1156.147,1158.2 1 0
github.com/CosmWasm/wasmd/x/wasm/types/query.pb.go:1159.153,1161.2 1 0
github.com/CosmWasm/wasmd/x/wasm/types/query.pb.go:1162.111,1164.2 1 0
github.com/CosmWasm/wasmd/x/wasm/types/query.pb.go:1165.114,1167.2 1 0
github.com/CosmWasm/wasmd/x/wasm/types/query.pb.go:1168.132,1170.2 1 0
github.com/CosmWasm/wasmd/x/wasm/types/query.pb.go:1172.59,1174.2 1 0
github.com/CosmWasm/wasmd/x/wasm/types/query.pb.go:1176.163,1178.32 2 0
github.com/CosmWasm/wasmd/x/wasm/types/query.pb.go:1181.2,1181.24 1 0
github.com/CosmWasm/wasmd/x/wasm/types/query.pb.go:1184.2,1188.77 2 0
github.com/CosmWasm/wasmd/x/wasm/types/query.pb.go:1191.2,1191.44 1 0
github.com/CosmWasm/wasmd/x/wasm/types/query.pb.go:1178.32,1180.3 1 0
github.com/CosmWasm/wasmd/x/wasm/types/query.pb.go:1181.24,1183.3 1 0
github.com/CosmWasm/wasmd/x/wasm/types/query.pb.go:1188.77,1190.3 1 0
github.com/CosmWasm/wasmd/x/wasm/types/query.pb.go:1194.166,1196.32 2 0
github.com/CosmWasm/wasmd/x/wasm/types/query.pb.go:1199.2,1199.24 1 0
github.com/CosmWasm/wasmd/x/wasm/types/query.pb.go:1202.2,1206.77 2 0
github.com/CosmWasm/wasmd/x/wasm/types/query.pb.go:1209.2,1209.44 1 0
github.com/CosmWasm/wasmd/x/wasm/types/query.pb.go:1196.32,1198.3 1 0
github.com/CosmWasm/wasmd/x/wasm/types/query.pb.go:1199.24,1201.3 1 0
github.com/CosmWasm/wasmd/x/wasm/types/query.pb.go:1206.77,1208.3 1 0
github.com/CosmWasm/wasmd/x/wasm/types/query.pb.go:1212.166,1214.32 2 0
github.com/CosmWasm/wasmd/x/wasm/types/query.pb.go:1217.2,1217.24 1 0
github.com/CosmWasm/wasmd/x/wasm/types/query.pb.go:1220.2,1224.77 2 0
github.com/CosmWasm/wasmd/x/wasm/types/query.pb.go:1227.2,1227.44 1 0
github.com/CosmWasm/wasmd/x/wasm/types/query.pb.go:1214.32,1216.3 1 0
github.com/CosmWasm/wasmd/x/wasm/types/query.pb.go:1217.24,1219.3 1 0
github.com/CosmWasm/wasmd/x/wasm/types/query.pb.go:1224.77,1226.3 1 0
github.com/CosmWasm/wasmd/x/wasm/types/query.pb.go:1230.167,1232.32 2 0
github.com/CosmWasm/wasmd/x/wasm/types/query.pb.go:1235.2,1235.24 1 0
github.com/CosmWasm/wasmd/x/wasm/types/query.pb.go:1238.2,1242.77 2 0
github.com/CosmWasm/wasmd/x/wasm/types/query.pb.go:1245.2,1245.44 1 0
github.com/CosmWasm/wasmd/x/wasm/types/query.pb.go:1232.32,1234.3 1 0
github.com/CosmWasm/wasmd/x/wasm/types/query.pb.go:1235.24,1237.3 1 0
github.com/CosmWasm/wasmd/x/wasm/types/query.pb.go:1242.77,1244.3 1 0
github.com/CosmWasm/wasmd/x/wasm/types/query.pb.go:1248.167,1250.32 2 0
github.com/CosmWasm/wasmd/x/wasm/types/query.pb.go:1253.2,1253.24 1 0
github.com/CosmWasm/wasmd/x/wasm/types/query.pb.go:1256.2,1260.77 2 0
github.com/CosmWasm/wasmd/x/wasm/types/query.pb.go:1263.2,1263.44 1 0
github.com/CosmWasm/wasmd/x/wasm/types/query.pb.go:1250.32,1252.3 1 0
github.com/CosmWasm/wasmd/x/wasm/types/query.pb.go:1253.24,1255.3 1 0
github.com/CosmWasm/wasmd/x/wasm/types/query.pb.go:1260.77,1262.3 1 0
github.com/CosmWasm/wasmd/x/wasm/types/query.pb.go:1266.169,1268.32 2 0
github.com/CosmWasm/wasmd/x/wasm/types/query.pb.go:1271.2,1271.24 1 0
github.com/CosmWasm/wasmd/x/wasm/types/query.pb.go:1274.2,1278.77 2 0
github.com/CosmWasm/wasmd/x/wasm/types/query.pb.go:1281.2,1281.44 1 0
github.com/CosmWasm/wasmd/x/wasm/types/query.pb.go:1268.32,1270.3 1 0
github.com/CosmWasm/wasmd/x/wasm/types/query.pb.go:1271.24,1273.3 1 0
github.com/CosmWasm/wasmd/x/wasm/types/query.pb.go:1278.77,1280.3 1 0
github.com/CosmWasm/wasmd/x/wasm/types/query.pb.go:1284.155,1286.32 2 0
github.com/CosmWasm/wasmd/x/wasm/types/query.pb.go:1289.2,1289.24 1 0
github.com/CosmWasm/wasmd/x/wasm/types/query.pb.go:1292.2,1296.77 2 0
github.com/CosmWasm/wasmd/x/wasm/types/query.pb.go:1299.2,1299.44 1 0
github.com/CosmWasm/wasmd/x/wasm/types/query.pb.go:1286.32,1288.3 1 0
github.com/CosmWasm/wasmd/x/wasm/types/query.pb.go:1289.24,1291.3 1 0
github.com/CosmWasm/wasmd/x/wasm/types/query.pb.go:1296.77,1298.3 1 0
github.com/CosmWasm/wasmd/x/wasm/types/query.pb.go:1302.156,1304.32 2 0
github.com/CosmWasm/wasmd/x/wasm/types/query.pb.go:1307.2,1307.24 1 0
github.com/CosmWasm/wasmd/x/wasm/types/query.pb.go:1310.2,1314.77 2 0
github.com/CosmWasm/wasmd/x/wasm/types/query.pb.go:1317.2,1317.44 1 0
github.com/CosmWasm/wasmd/x/wasm/types/query.pb.go:1304.32,1306.3 1 0
github.com/CosmWasm/wasmd/x/wasm/types/query.pb.go:1307.24,1309.3 1 0
github.com/CosmWasm/wasmd/x/wasm/types/query.pb.go:1314.77,1316.3 1 0
github.com/CosmWasm/wasmd/x/wasm/types/query.pb.go:1320.162,1322.32 2 0
github.com/CosmWasm/wasmd/x/wasm/types/query.pb.go:1325.2,1325.24 1 0
github.com/CosmWasm/wasmd/x/wasm/types/query.pb.go:1328.2,1332.77 2 0
github.com/CosmWasm/wasmd/x/wasm/types/query.pb.go:1335.2,1335.44 1 0
github.com/CosmWasm/wasmd/x/wasm/types/query.pb.go:1322.32,1324.3 1 0
github.com/CosmWasm/wasmd/x/wasm/types/query.pb.go:1325.24,1327.3 1 0
github.com/CosmWasm/wasmd/x/wasm/types/query.pb.go:1332.77,1334.3 1 0
github.com/CosmWasm/wasmd/x/wasm/types/query.pb.go:1383.71,1387.16 4 0
github.com/CosmWasm/wasmd/x/wasm/types/query.pb.go:1390.2,1390.22 1 0
github.com/CosmWasm/wasmd/x/wasm/types/query.pb.go:1387.16,1389.3 1 0
github.com/CosmWasm/wasmd/x/wasm/types/query.pb.go:1393.72,1396.2 2 0
github.com/CosmWasm/wasmd/x/wasm/types/query.pb.go:1398.83,1403.24 5 0
github.com/CosmWasm/wasmd/x/wasm/types/query.pb.go:1410.2,1410.27 1 0
github.com/CosmWasm/wasmd/x/wasm/types/query.pb.go:1403.24,1409.3 5 0
github.com/CosmWasm/wasmd/x/wasm/types/query.pb.go:1413.72,1417.16 4 0
github.com/CosmWasm/wasmd/x/wasm/types/query.pb.go:1420.2,1420.22 1 0
github.com/CosmWasm/wasmd/x/wasm/types/query.pb.go:1417.16,1419.3 1 0
github.com/CosmWasm/wasmd/x/wasm/types/query.pb.go:1423.73,1426.2 2 0
github.com/CosmWasm/wasmd/x/wasm/types/query.pb.go:1428.84,1433.2 5 0
github.com/CosmWasm/wasmd/x/wasm/types/query.pb.go:1441.2,1443.24 3 0
github.com/CosmWasm/wasmd/x/wasm/types/query.pb.go:1450.2,1450.27 1 0
github.com/CosmWasm/wasmd/x/wasm/types/query.pb.go:1433.2,1435.17 2 0
github.com/CosmWasm/wasmd/x/wasm/types/query.pb.go:1438.3,1439.47 2 0
github.com/CosmWasm/wasmd/x/wasm/types/query.pb.go:1435.17,1437.4 1 0
github.com/CosmWasm/wasmd/x/wasm/types/query.pb.go:1443.24,1449.3 5 0
github.com/CosmWasm/wasmd/x/wasm/types/query.pb.go:1453.74,1457.16 4 0
github.com/CosmWasm/wasmd/x/wasm/types/query.pb.go:1460.2,1460.22 1 0
github.com/CosmWasm/wasmd/x/wasm/types/query.pb.go:1457.16,1459.3 1 0
github.com/CosmWasm/wasmd/x/wasm/types/query.pb.go:1463.75,1466.2 2 0
github.com/CosmWasm/wasmd/x/wasm/types/query.pb.go:1468.86,1473.25 5 0
github.com/CosmWasm/wasmd/x/wasm/types/query.pb.go:1485.2,1485.24 1 0
github.com/CosmWasm/wasmd/x/wasm/types/query.pb.go:1492.2,1492.27 1 0
github.com/CosmWasm/wasmd/x/wasm/types/query.pb.go:1473.25,1474.3 1 0
github.com/CosmWasm/wasmd/x/wasm/types/query.pb.go:1482.3,1483.17 2 0
github.com/CosmWasm/wasmd/x/wasm/types/query.pb.go:1474.3,1476.18 2 0
github.com/CosmWasm/wasmd/x/wasm/types/query.pb.go:1479.4,1480.48 2 0
github.com/CosmWasm/wasmd/x/wasm/types/query.pb.go:1476.18,1478.5 1 0
github.com/CosmWasm/wasmd/x/wasm/types/query.pb.go:1485.24,1491.3 5 0
github.com/CosmWasm/wasmd/x/wasm/types/query.pb.go:1495.75,1499.16 4 0
github.com/CosmWasm/wasmd/x/wasm/types/query.pb.go:1502.2,1502.22 1 0
github.com/CosmWasm/wasmd/x/wasm/types/query.pb.go:1499.16,1501.3 1 0
github.com/CosmWasm/wasmd/x/wasm/types/query.pb.go:1505.76,1508.2 2 0
github.com/CosmWasm/wasmd/x/wasm/types/query.pb.go:1510.87,1515.25 5 0
github.com/CosmWasm/wasmd/x/wasm/types/query.pb.go:1527.2,1527.24 1 0
github.com/CosmWasm/wasmd/x/wasm/types/query.pb.go:1541.2,1541.27 1 0
github.com/CosmWasm/wasmd/x/wasm/types/query.pb.go:1515.25,1516.3 1 0
github.com/CosmWasm/wasmd/x/wasm/types/query.pb.go:1524.3,1525.17 2 0
github.com/CosmWasm/wasmd/x/wasm/types/query.pb.go:1516.3,1518.18 2 0
github.com/CosmWasm/wasmd/x/wasm/types/query.pb.go:1521.4,1522.48 2 0
github.com/CosmWasm/wasmd/x/wasm/types/query.pb.go:1518.18,1520.5 1 0
github.com/CosmWasm/wasmd/x/wasm/types/query.pb.go:1527.24,1528.56 1 0
github.com/CosmWasm/wasmd/x/wasm/types/query.pb.go:1528.56,1529.4 1 0
github.com/CosmWasm/wasmd/x/wasm/types/query.pb.go:1537.4,1538.17 2 0
github.com/CosmWasm/wasmd/x/wasm/types/query.pb.go:1529.4,1531.19 2 0
github.com/CosmWasm/wasmd/x/wasm/types/query.pb.go:1534.5,1535.49 2 0
github.com/CosmWasm/wasmd/x/wasm/types/query.pb.go:1531.19,1533.6 1 0
github.com/CosmWasm/wasmd/x/wasm/types/query.pb.go:1544.74,1548.16 4 0
github.com/CosmWasm/wasmd/x/wasm/types/query.pb.go:1551.2,1551.22 1 0
github.com/CosmWasm/wasmd/x/wasm/types/query.pb.go:1548.16,1550.3 1 0
github.com/CosmWasm/wasmd/x/wasm/types/query.pb.go:1554.75,1557.2 2 0
github.com/CosmWasm/wasmd/x/wasm/types/query.pb.go:1559.86,1564.25 5 0
github.com/CosmWasm/wasmd/x/wasm/types/query.pb.go:1576.2,1576.19 1 0
github.com/CosmWasm/wasmd/x/wasm/types/query.pb.go:1581.2,1581.27 1 0
github.com/CosmWasm/wasmd/x/wasm/types/query.pb.go:1564.25,1565.3 1 0
github.com/CosmWasm/wasmd/x/wasm/types/query.pb.go:1573.3,1574.17 2 0
github.com/CosmWasm/wasmd/x/wasm/types/query.pb.go:1565.3,1567.18 2 0
github.com/CosmWasm/wasmd/x/wasm/types/query.pb.go:1570.4,1571.48 2 0
github.com/CosmWasm/wasmd/x/wasm/types/query.pb.go:1567.18,1569.5 1 0
github.com/CosmWasm/wasmd/x/wasm/types/query.pb.go:1576.19,1580.3 3 0
github.com/CosmWasm/wasmd/x/wasm/types/query.pb.go:1584.75,1588.16 4 0
github.com/CosmWasm/wasmd/x/wasm/types/query.pb.go:1591.2,1591.22 1 0
github.com/CosmWasm/wasmd/x/wasm/types/query.pb.go:1588.16,1590.3 1 0
github.com/CosmWasm/wasmd/x/wasm/types/query.pb.go:1594.76,1597.2 2 0
github.com/CosmWasm/wasmd/x/wasm/types/query.pb.go:1599.87,1604.25 5 0
github.com/CosmWasm/wasmd/x/wasm/types/query.pb.go:1616.2,1616.26 1 0
github.com/CosmWasm/wasmd/x/wasm/types/query.pb.go:1625.2,1625.27 1 0
github.com/CosmWasm/wasmd/x/wasm/types/query.pb.go:1604.25,1605.3 1 0
github.com/CosmWasm/wasmd/x/wasm/types/query.pb.go:1613.3,1614.17 2 0
github.com/CosmWasm/wasmd/x/wasm/types/query.pb.go:1605.3,1607.18 2 0
github.com/CosmWasm/wasmd/x/wasm/types/query.pb.go:1610.4,1611.48 2 0
github.com/CosmWasm/wasmd/x/wasm/types/query.pb.go:1607.18,1609.5 1 0
github.com/CosmWasm/wasmd/x/wasm/types/query.pb.go:1616.26,1617.58 1 0
github.com/CosmWasm/wasmd/x/wasm/types/query.pb.go:1617.58,1623.4 5 0
github.com/CosmWasm/wasmd/x/wasm/types/query.pb.go:1628.75,1632.16 4 0
github.com/CosmWasm/wasmd/x/wasm/types/query.pb.go:1635.2,1635.22 1 0
github.com/CosmWasm/wasmd/x/wasm/types/query.pb.go:1632.16,1634.3 1 0
github.com/CosmWasm/wasmd/x/wasm/types/query.pb.go:1638.76,1641.2 2 0
github.com/CosmWasm/wasmd/x/wasm/types/query.pb.go:1643.87,1648.25 5 0
github.com/CosmWasm/wasmd/x/wasm/types/query.pb.go:1660.2,1660.24 1 0
github.com/CosmWasm/wasmd/x/wasm/types/query.pb.go:1667.2,1667.27 1 0
github.com/CosmWasm/wasmd/x/wasm/types/query.pb.go:1648.25,1649.3 1 0
github.com/CosmWasm/wasmd/x/wasm/types/query.pb.go:1657.3,1658.17 2 0
github.com/CosmWasm/wasmd/x/wasm/types/query.pb.go:1649.3,1651.18 2 0
github.com/CosmWasm/wasmd/x/wasm/types/query.pb.go:1654.4,1655.48 2 0
github.com/CosmWasm/wasmd/x/wasm/types/query.pb.go:1651.18,1653.5 1 0
github.com/CosmWasm/wasmd/x/wasm/types/query.pb.go:1660.24,1666.3 5 0
github.com/CosmWasm/wasmd/x/wasm/types/query.pb.go:1670.76,1674.16 4 0
github.com/CosmWasm/wasmd/x/wasm/types/query.pb.go:1677.2,1677.22 1 0
github.com/CosmWasm/wasmd/x/wasm/types/query.pb.go:1674.16,1676.3 1 0
github.com/CosmWasm/wasmd/x/wasm/types/query.pb.go:1680.77,1683.2 2 0
github.com/CosmWasm/wasmd/x/wasm/types/query.pb.go:1685.88,1690.25 5 0
github.com/CosmWasm/wasmd/x/wasm/types/query.pb.go:1702.2,1702.23 1 0
github.com/CosmWasm/wasmd/x/wasm/types/query.pb.go:1716.2,1716.27 1 0
github.com/CosmWasm/wasmd/x/wasm/types/query.pb.go:1690.25,1691.3 1 0
github.com/CosmWasm/wasmd/x/wasm/types/query.pb.go:1699.3,1700.17 2 0
github.com/CosmWasm/wasmd/x/wasm/types/query.pb.go:1691.3,1693.18 2 0
github.com/CosmWasm/wasmd/x/wasm/types/query.pb.go:1696.4,1697.48 2 0
github.com/CosmWasm/wasmd/x/wasm/types/query.pb.go:1693.18,1695.5 1 0
github.com/CosmWasm/wasmd/x/wasm/types/query.pb.go:1702.23,1703.55 1 0
github.com/CosmWasm/wasmd/x/wasm/types/query.pb.go:1703.55,1704.4 1 0
github.com/CosmWasm/wasmd/x/wasm/types/query.pb.go:1712.4,1713.17 2 0
github.com/CosmWasm/wasmd/x/wasm/types/query.pb.go:1704.4,1706.19 2 0
github.com/CosmWasm/wasmd/x/wasm/types/query.pb.go:1709.5,1710.49 2 0
github.com/CosmWasm/wasmd/x/wasm/types/query.pb.go:1706.19,1708.6 1 0
github.com/CosmWasm/wasmd/x/wasm/types/query.pb.go:1719.75,1723.16 4 0
github.com/CosmWasm/wasmd/x/wasm/types/query.pb.go:1726.2,1726.22 1 0
github.com/CosmWasm/wasmd/x/wasm/types/query.pb.go:1723.16,1725.3 1 0
github.com/CosmWasm/wasmd/x/wasm/types/query.pb.go:1729.76,1732.2 2 0
github.com/CosmWasm/wasmd/x/wasm/types/query.pb.go:1734.87,1739.26 5 0
github.com/CosmWasm/wasmd/x/wasm/types/query.pb.go:1746.2,1746.24 1 0
github.com/CosmWasm/wasmd/x/wasm/types/query.pb.go:1753.2,1753.27 1 0
github.com/CosmWasm/wasmd/x/wasm/types/query.pb.go:1739.26,1745.3 5 0
github.com/CosmWasm/wasmd/x/wasm/types/query.pb.go:1746.24,1752.3 5 0
github.com/CosmWasm/wasmd/x/wasm/types/query.pb.go:1756.76,1760.16 4 0
github.com/CosmWasm/wasmd/x/wasm/types/query.pb.go:1763.2,1763.22 1 0
github.com/CosmWasm/wasmd/x/wasm/types/query.pb.go:1760.16,1762.3 1 0
github.com/CosmWasm/wasmd/x/wasm/types/query.pb.go:1766.77,1769.2 2 0
github.com/CosmWasm/wasmd/x/wasm/types/query.pb.go:1771.88,1776.21 5 0
github.com/CosmWasm/wasmd/x/wasm/types/query.pb.go:1783.2,1783.27 1 0
github.com/CosmWasm/wasmd/x/wasm/types/query.pb.go:1776.21,1782.3 5 0
github.com/CosmWasm/wasmd/x/wasm/types/query.pb.go:1786.77,1790.16 4 0
github.com/CosmWasm/wasmd/x/wasm/types/query.pb.go:1793.2,1793.22 1 0
github.com/CosmWasm/wasmd/x/wasm/types/query.pb.go:1790.16,1792.3 1 0
github.com/CosmWasm/wasmd/x/wasm/types/query.pb.go:1796.78,1799.2 2 0
github.com/CosmWasm/wasmd/x/wasm/types/query.pb.go:1801.89,1806.26 5 0
github.com/CosmWasm/wasmd/x/wasm/types/query.pb.go:1813.2,1813.24 1 0
github.com/CosmWasm/wasmd/x/wasm/types/query.pb.go:1820.2,1820.27 1 0
github.com/CosmWasm/wasmd/x/wasm/types/query.pb.go:1806.26,1812.3 5 0
github.com/CosmWasm/wasmd/x/wasm/types/query.pb.go:1813.24,1819.3 5 0
github.com/CosmWasm/wasmd/x/wasm/types/query.pb.go:1823.78,1827.16 4 0
github.com/CosmWasm/wasmd/x/wasm/types/query.pb.go:1830.2,1830.22 1 0
github.com/CosmWasm/wasmd/x/wasm/types/query.pb.go:1827.16,1829.3 1 0
github.com/CosmWasm/wasmd/x/wasm/types/query.pb.go:1833.79,1836.2 2 0
github.com/CosmWasm/wasmd/x/wasm/types/query.pb.go:1838.90,1843.21 5 0
github.com/CosmWasm/wasmd/x/wasm/types/query.pb.go:1850.2,1850.27 1 0
github.com/CosmWasm/wasmd/x/wasm/types/query.pb.go:1843.21,1849.3 5 0
github.com/CosmWasm/wasmd/x/wasm/types/query.pb.go:1853.63,1857.16 4 0
github.com/CosmWasm/wasmd/x/wasm/types/query.pb.go:1860.2,1860.22 1 0
github.com/CosmWasm/wasmd/x/wasm/types/query.pb.go:1857.16,1859.3 1 0
github.com/CosmWasm/wasmd/x/wasm/types/query.pb.go:1863.64,1866.2 2 0
github.com/CosmWasm/wasmd/x/wasm/types/query.pb.go:1868.75,1873.19 5 0
github.com/CosmWasm/wasmd/x/wasm/types/query.pb.go:1878.2,1878.27 1 0
github.com/CosmWasm/wasmd/x/wasm/types/query.pb.go:1873.19,1877.3 3 0
github.com/CosmWasm/wasmd/x/wasm/types/query.pb.go:1881.63,1885.16 4 0
github.com/CosmWasm/wasmd/x/wasm/types/query.pb.go:1888.2,1888.22 1 0
github.com/CosmWasm/wasmd/x/wasm/types/query.pb.go:1885.16,1887.3 1 0
github.com/CosmWasm/wasmd/x/wasm/types/query.pb.go:1891.64,1894.2 2 0
github.com/CosmWasm/wasmd/x/wasm/types/query.pb.go:1896.75,1901.2 5 0
github.com/CosmWasm/wasmd/x/wasm/types/query.pb.go:1909.2,1911.25 3 0
github.com/CosmWasm/wasmd/x/wasm/types/query.pb.go:1918.2,1918.24 1 0
github.com/CosmWasm/wasmd/x/wasm/types/query.pb.go:1925.2,1925.19 1 0
github.com/CosmWasm/wasmd/x/wasm/types/query.pb.go:1930.2,1930.27 1 0
github.com/CosmWasm/wasmd/x/wasm/types/query.pb.go:1901.2,1903.17 2 0
github.com/CosmWasm/wasmd/x/wasm/types/query.pb.go:1906.3,1907.47 2 0
github.com/CosmWasm/wasmd/x/wasm/types/query.pb.go:1903.17,1905.4 1 0
github.com/CosmWasm/wasmd/x/wasm/types/query.pb.go:1911.25,1917.3 5 0
github.com/CosmWasm/wasmd/x/wasm/types/query.pb.go:1918.24,1924.3 5 0
github.com/CosmWasm/wasmd/x/wasm/types/query.pb.go:1925.19,1929.3 3 0
github.com/CosmWasm/wasmd/x/wasm/types/query.pb.go:1933.64,1937.16 4 0
github.com/CosmWasm/wasmd/x/wasm/types/query.pb.go:1940.2,1940.22 1 0
github.com/CosmWasm/wasmd/x/wasm/types/query.pb.go:1937.16,1939.3 1 0
github.com/CosmWasm/wasmd/x/wasm/types/query.pb.go:1943.65,1946.2 2 0
github.com/CosmWasm/wasmd/x/wasm/types/query.pb.go:1948.76,1953.21 5 0
github.com/CosmWasm/wasmd/x/wasm/types/query.pb.go:1960.2,1960.31 1 0
github.com/CosmWasm/wasmd/x/wasm/types/query.pb.go:1972.2,1972.27 1 0
github.com/CosmWasm/wasmd/x/wasm/types/query.pb.go:1953.21,1959.3 5 0
github.com/CosmWasm/wasmd/x/wasm/types/query.pb.go:1960.31,1961.3 1 0
github.com/CosmWasm/wasmd/x/wasm/types/query.pb.go:1969.3,1970.16 2 0
github.com/CosmWasm/wasmd/x/wasm/types/query.pb.go:1961.3,1963.18 2 0
github.com/CosmWasm/wasmd/x/wasm/types/query.pb.go:1966.4,1967.48 2 0
github.com/CosmWasm/wasmd/x/wasm/types/query.pb.go:1963.18,1965.5 1 0
github.com/CosmWasm/wasmd/x/wasm/types/query.pb.go:1975.64,1979.16 4 0
github.com/CosmWasm/wasmd/x/wasm/types/query.pb.go:1982.2,1982.22 1 0
github.com/CosmWasm/wasmd/x/wasm/types/query.pb.go:1979.16,1981.3 1 0
github.com/CosmWasm/wasmd/x/wasm/types/query.pb.go:1985.65,1988.2 2 0
github.com/CosmWasm/wasmd/x/wasm/types/query.pb.go:1990.76,1995.25 5 0
github.com/CosmWasm/wasmd/x/wasm/types/query.pb.go:2007.2,2007.27 1 0
github.com/CosmWasm/wasmd/x/wasm/types/query.pb.go:1995.25,1996.3 1 0
github.com/CosmWasm/wasmd/x/wasm/types/query.pb.go:2004.3,2005.16 2 0
github.com/CosmWasm/wasmd/x/wasm/types/query.pb.go:1996.3,1998.18 2 0
github.com/CosmWasm/wasmd/x/wasm/types/query.pb.go:2001.4,2002.48 2 0
github.com/CosmWasm/wasmd/x/wasm/types/query.pb.go:1998.18,2000.5 1 0
github.com/CosmWasm/wasmd/x/wasm/types/query.pb.go:2010.65,2014.16 4 0
github.com/CosmWasm/wasmd/x/wasm/types/query.pb.go:2017.2,2017.22 1 0
github.com/CosmWasm/wasmd/x/wasm/types/query.pb.go:2014.16,2016.3 1 0
github.com/CosmWasm/wasmd/x/wasm/types/query.pb.go:2020.66,2023.2 2 0
github.com/CosmWasm/wasmd/x/wasm/types/query.pb.go:2025.77,2030.25 5 0
github.com/CosmWasm/wasmd/x/wasm/types/query.pb.go:2042.2,2042.26 1 0
github.com/CosmWasm/wasmd/x/wasm/types/query.pb.go:2056.2,2056.27 1 0
github.com/CosmWasm/wasmd/x/wasm/types/query.pb.go:2030.25,2031.3 1 0
github.com/CosmWasm/wasmd/x/wasm/types/query.pb.go:2039.3,2040.17 2 0
github.com/CosmWasm/wasmd/x/wasm/types/query.pb.go:2031.3,2033.18 2 0
github.com/CosmWasm/wasmd/x/wasm/types/query.pb.go:2036.4,2037.48 2 0
github.com/CosmWasm/wasmd/x/wasm/types/query.pb.go:2033.18,2035.5 1 0
github.com/CosmWasm/wasmd/x/wasm/types/query.pb.go:2042.26,2043.58 1 0
github.com/CosmWasm/wasmd/x/wasm/types/query.pb.go:2043.58,2044.4 1 0
github.com/CosmWasm/wasmd/x/wasm/types/query.pb.go:2052.4,2053.17 2 0
github.com/CosmWasm/wasmd/x/wasm/types/query.pb.go:2044.4,2046.19 2 0
github.com/CosmWasm/wasmd/x/wasm/types/query.pb.go:2049.5,2050.49 2 0
github.com/CosmWasm/wasmd/x/wasm/types/query.pb.go:2046.19,2048.6 1 0
github.com/CosmWasm/wasmd/x/wasm/types/query.pb.go:2059.70,2063.16 4 0
github.com/CosmWasm/wasmd/x/wasm/types/query.pb.go:2066.2,2066.22 1 0
github.com/CosmWasm/wasmd/x/wasm/types/query.pb.go:2063.16,2065.3 1 0
github.com/CosmWasm/wasmd/x/wasm/types/query.pb.go:2069.71,2072.2 2 0
github.com/CosmWasm/wasmd/x/wasm/types/query.pb.go:2074.82,2079.25 5 0
github.com/CosmWasm/wasmd/x/wasm/types/query.pb.go:2091.2,2091.27 1 0
github.com/CosmWasm/wasmd/x/wasm/types/query.pb.go:2079.25,2080.3 1 0
github.com/CosmWasm/wasmd/x/wasm/types/query.pb.go:2088.3,2089.17 2 0
github.com/CosmWasm/wasmd/x/wasm/types/query.pb.go:2080.3,2082.18 2 0
github.com/CosmWasm/wasmd/x/wasm/types/query.pb.go:2085.4,2086.48 2 0
github.com/CosmWasm/wasmd/x/wasm/types/query.pb.go:2082.18,2084.5 1 0
github.com/CosmWasm/wasmd/x/wasm/types/query.pb.go:2094.71,2098.16 4 0
github.com/CosmWasm/wasmd/x/wasm/types/query.pb.go:2101.2,2101.22 1 0
github.com/CosmWasm/wasmd/x/wasm/types/query.pb.go:2098.16,2100.3 1 0
github.com/CosmWasm/wasmd/x/wasm/types/query.pb.go:2104.72,2107.2 2 0
github.com/CosmWasm/wasmd/x/wasm/types/query.pb.go:2109.83,2114.25 5 0
github.com/CosmWasm/wasmd/x/wasm/types/query.pb.go:2126.2,2126.24 1 0
github.com/CosmWasm/wasmd/x/wasm/types/query.pb.go:2144.2,2144.27 1 0
github.com/CosmWasm/wasmd/x/wasm/types/query.pb.go:2114.25,2115.3 1 0
github.com/CosmWasm/wasmd/x/wasm/types/query.pb.go:2123.3,2124.17 2 0
github.com/CosmWasm/wasmd/x/wasm/types/query.pb.go:2115.3,2117.18 2 0
github.com/CosmWasm/wasmd/x/wasm/types/query.pb.go:2120.4,2121.48 2 0
github.com/CosmWasm/wasmd/x/wasm/types/query.pb.go:2117.18,2119.5 1 0
github.com/CosmWasm/wasmd/x/wasm/types/query.pb.go:2126.24,2129.33 3 0
github.com/CosmWasm/wasmd/x/wasm/types/query.pb.go:2138.3,2142.16 5 0
github.com/CosmWasm/wasmd/x/wasm/types/query.pb.go:2129.33,2130.20 1 0
github.com/CosmWasm/wasmd/x/wasm/types/query.pb.go:2135.4,2136.9 2 0
github.com/CosmWasm/wasmd/x/wasm/types/query.pb.go:2130.20,2134.5 3 0
github.com/CosmWasm/wasmd/x/wasm/types/query.pb.go:2147.63,2150.16 3 0
github.com/CosmWasm/wasmd/x/wasm/types/query.pb.go:2155.2,2156.13 2 0
github.com/CosmWasm/wasmd/x/wasm/types/query.pb.go:2150.16,2154.3 3 0
github.com/CosmWasm/wasmd/x/wasm/types/query.pb.go:2158.51,2159.14 1 0
github.com/CosmWasm/wasmd/x/wasm/types/query.pb.go:2162.2,2165.11 4 0
github.com/CosmWasm/wasmd/x/wasm/types/query.pb.go:2168.2,2168.10 1 0
github.com/CosmWasm/wasmd/x/wasm/types/query.pb.go:2159.14,2161.3 1 0
github.com/CosmWasm/wasmd/x/wasm/types/query.pb.go:2165.11,2167.3 1 0
github.com/CosmWasm/wasmd/x/wasm/types/query.pb.go:2171.52,2172.14 1 0
github.com/CosmWasm/wasmd/x/wasm/types/query.pb.go:2175.2,2178.11 4 0
github.com/CosmWasm/wasmd/x/wasm/types/query.pb.go:2181.2,2183.10 3 0
github.com/CosmWasm/wasmd/x/wasm/types/query.pb.go:2172.14,2174.3 1 0
github.com/CosmWasm/wasmd/x/wasm/types/query.pb.go:2178.11,2180.3 1 0
github.com/CosmWasm/wasmd/x/wasm/types/query.pb.go:2186.54,2187.14 1 0
github.com/CosmWasm/wasmd/x/wasm/types/query.pb.go:2190.2,2193.11 4 0
github.com/CosmWasm/wasmd/x/wasm/types/query.pb.go:2196.2,2196.25 1 0
github.com/CosmWasm/wasmd/x/wasm/types/query.pb.go:2200.2,2200.10 1 0
github.com/CosmWasm/wasmd/x/wasm/types/query.pb.go:2187.14,2189.3 1 0
github.com/CosmWasm/wasmd/x/wasm/types/query.pb.go:2193.11,2195.3 1 0
github.com/CosmWasm/wasmd/x/wasm/types/query.pb.go:2196.25,2199.3 2 0
github.com/CosmWasm/wasmd/x/wasm/types/query.pb.go:2203.55,2204.14 1 0
github.com/CosmWasm/wasmd/x/wasm/types/query.pb.go:2207.2,2209.24 3 0
github.com/CosmWasm/wasmd/x/wasm/types/query.pb.go:2215.2,2215.25 1 0
github.com/CosmWasm/wasmd/x/wasm/types/query.pb.go:2219.2,2219.10 1 0
github.com/CosmWasm/wasmd/x/wasm/types/query.pb.go:2204.14,2206.3 1 0
github.com/CosmWasm/wasmd/x/wasm/types/query.pb.go:2209.24,2210.31 1 0
github.com/CosmWasm/wasmd/x/wasm/types/query.pb.go:2210.31,2213.4 2 0
github.com/CosmWasm/wasmd/x/wasm/types/query.pb.go:2215.25,2218.3 2 0
github.com/CosmWasm/wasmd/x/wasm/types/query.pb.go:2222.54,2223.14 1 0
github.com/CosmWasm/wasmd/x/wasm/types/query.pb.go:2226.2,2228.19 3 0
github.com/CosmWasm/wasmd/x/wasm/types/query.pb.go:2231.2,2231.25 1 0
github.com/CosmWasm/wasmd/x/wasm/types/query.pb.go:2235.2,2235.10 1 0
github.com/CosmWasm/wasmd/x/wasm/types/query.pb.go:2223.14,2225.3 1 0
github.com/CosmWasm/wasmd/x/wasm/types/query.pb.go:2228.19,2230.3 1 0
github.com/CosmWasm/wasmd/x/wasm/types/query.pb.go:2231.25,2234.3 2 0
github.com/CosmWasm/wasmd/x/wasm/types/query.pb.go:2238.55,2239.14 1 0
github.com/CosmWasm/wasmd/x/wasm/types/query.pb.go:2242.2,2244.26 3 0
github.com/CosmWasm/wasmd/x/wasm/types/query.pb.go:2250.2,2250.25 1 0
github.com/CosmWasm/wasmd/x/wasm/types/query.pb.go:2254.2,2254.10 1 0
github.com/CosmWasm/wasmd/x/wasm/types/query.pb.go:2239.14,2241.3 1 0
github.com/CosmWasm/wasmd/x/wasm/types/query.pb.go:2244.26,2245.33 1 0
github.com/CosmWasm/wasmd/x/wasm/types/query.pb.go:2245.33,2248.4 2 0
github.com/CosmWasm/wasmd/x/wasm/types/query.pb.go:2250.25,2253.3 2 0
github.com/CosmWasm/wasmd/x/wasm/types/query.pb.go:2257.55,2258.14 1 0
github.com/CosmWasm/wasmd/x/wasm/types/query.pb.go:2261.2,2264.11 4 0
github.com/CosmWasm/wasmd/x/wasm/types/query.pb.go:2267.2,2267.25 1 0
github.com/CosmWasm/wasmd/x/wasm/types/query.pb.go:2271.2,2271.10 1 0
github.com/CosmWasm/wasmd/x/wasm/types/query.pb.go:2258.14,2260.3 1 0
github.com/CosmWasm/wasmd/x/wasm/types/query.pb.go:2264.11,2266.3 1 0
github.com/CosmWasm/wasmd/x/wasm/types/query.pb.go:2267.25,2270.3 2 0
github.com/CosmWasm/wasmd/x/wasm/types/query.pb.go:2274.56,2275.14 1 0
github.com/CosmWasm/wasmd/x/wasm/types/query.pb.go:2278.2,2280.23 3 0
github.com/CosmWasm/wasmd/x/wasm/types/query.pb.go:2286.2,2286.25 1 0
github.com/CosmWasm/wasmd/x/wasm/types/query.pb.go:2290.2,2290.10 1 0
github.com/CosmWasm/wasmd/x/wasm/types/query.pb.go:2275.14,2277.3 1 0
github.com/CosmWasm/wasmd/x/wasm/types/query.pb.go:2280.23,2281.30 1 0
github.com/CosmWasm/wasmd/x/wasm/types/query.pb.go:2281.30,2284.4 2 0
github.com/CosmWasm/wasmd/x/wasm/types/query.pb.go:2286.25,2289.3 2 0
github.com/CosmWasm/wasmd/x/wasm/types/query.pb.go:2293.55,2294.14 1 0
github.com/CosmWasm/wasmd/x/wasm/types/query.pb.go:2297.2,2300.11 4 0
github.com/CosmWasm/wasmd/x/wasm/types/query.pb.go:2303.2,2304.11 2 0
github.com/CosmWasm/wasmd/x/wasm/types/query.pb.go:2307.2,2307.10 1 0
github.com/CosmWasm/wasmd/x/wasm/types/query.pb.go:2294.14,2296.3 1 0
github.com/CosmWasm/wasmd/x/wasm/types/query.pb.go:2300.11,2302.3 1 0
github.com/CosmWasm/wasmd/x/wasm/types/query.pb.go:2304.11,2306.3 1 0
github.com/CosmWasm/wasmd/x/wasm/types/query.pb.go:2310.56,2311.14 1 0
github.com/CosmWasm/wasmd/x/wasm/types/query.pb.go:2314.2,2317.11 4 0
github.com/CosmWasm/wasmd/x/wasm/types/query.pb.go:2320.2,2320.10 1 0
github.com/CosmWasm/wasmd/x/wasm/types/query.pb.go:2311.14,2313.3 1 0
github.com/CosmWasm/wasmd/x/wasm/types/query.pb.go:2317.11,2319.3 1 0
github.com/CosmWasm/wasmd/x/wasm/types/query.pb.go:2323.57,2324.14 1 0
github.com/CosmWasm/wasmd/x/wasm/types/query.pb.go:2327.2,2330.11 4 0
github.com/CosmWasm/wasmd/x/wasm/types/query.pb.go:2333.2,2334.11 2 0
github.com/CosmWasm/wasmd/x/wasm/types/query.pb.go:2337.2,2337.10 1 0
github.com/CosmWasm/wasmd/x/wasm/types/query.pb.go:2324.14,2326.3 1 0
github.com/CosmWasm/wasmd/x/wasm/types/query.pb.go:2330.11,2332.3 1 0
github.com/CosmWasm/wasmd/x/wasm/types/query.pb.go:2334.11,2336.3 1 0
github.com/CosmWasm/wasmd/x/wasm/types/query.pb.go:2340.58,2341.14 1 0
github.com/CosmWasm/wasmd/x/wasm/types/query.pb.go:2344.2,2347.11 4 0
github.com/CosmWasm/wasmd/x/wasm/types/query.pb.go:2350.2,2350.10 1 0
github.com/CosmWasm/wasmd/x/wasm/types/query.pb.go:2341.14,2343.3 1 0
github.com/CosmWasm/wasmd/x/wasm/types/query.pb.go:2347.11,2349.3 1 0
github.com/CosmWasm/wasmd/x/wasm/types/query.pb.go:2353.43,2354.14 1 0
github.com/CosmWasm/wasmd/x/wasm/types/query.pb.go:2357.2,2359.19 3 0
github.com/CosmWasm/wasmd/x/wasm/types/query.pb.go:2362.2,2362.10 1 0
github.com/CosmWasm/wasmd/x/wasm/types/query.pb.go:2354.14,2356.3 1 0
github.com/CosmWasm/wasmd/x/wasm/types/query.pb.go:2359.19,2361.3 1 0
github.com/CosmWasm/wasmd/x/wasm/types/query.pb.go:2365.43,2366.14 1 0
github.com/CosmWasm/wasmd/x/wasm/types/query.pb.go:2369.2,2371.19 3 0
github.com/CosmWasm/wasmd/x/wasm/types/query.pb.go:2374.2,2375.11 2 0
github.com/CosmWasm/wasmd/x/wasm/types/query.pb.go:2378.2,2379.11 2 0
github.com/CosmWasm/wasmd/x/wasm/types/query.pb.go:2382.2,2384.10 3 0
github.com/CosmWasm/wasmd/x/wasm/types/query.pb.go:2366.14,2368.3 1 0
github.com/CosmWasm/wasmd/x/wasm/types/query.pb.go:2371.19,2373.3 1 0
github.com/CosmWasm/wasmd/x/wasm/types/query.pb.go:2375.11,2377.3 1 0
github.com/CosmWasm/wasmd/x/wasm/types/query.pb.go:2379.11,2381.3 1 0
github.com/CosmWasm/wasmd/x/wasm/types/query.pb.go:2387.44,2388.14 1 0
github.com/CosmWasm/wasmd/x/wasm/types/query.pb.go:2391.2,2393.31 3 0
github.com/CosmWasm/wasmd/x/wasm/types/query.pb.go:2397.2,2398.11 2 0
github.com/CosmWasm/wasmd/x/wasm/types/query.pb.go:2401.2,2401.10 1 0
github.com/CosmWasm/wasmd/x/wasm/types/query.pb.go:2388.14,2390.3 1 0
github.com/CosmWasm/wasmd/x/wasm/types/query.pb.go:2393.31,2396.3 2 0
github.com/CosmWasm/wasmd/x/wasm/types/query.pb.go:2398.11,2400.3 1 0
github.com/CosmWasm/wasmd/x/wasm/types/query.pb.go:2404.44,2405.14 1 0
github.com/CosmWasm/wasmd/x/wasm/types/query.pb.go:2408.2,2410.25 3 0
github.com/CosmWasm/wasmd/x/wasm/types/query.pb.go:2414.2,2414.10 1 0
github.com/CosmWasm/wasmd/x/wasm/types/query.pb.go:2405.14,2407.3 1 0
github.com/CosmWasm/wasmd/x/wasm/types/query.pb.go:2410.25,2413.3 2 0
github.com/CosmWasm/wasmd/x/wasm/types/query.pb.go:2417.45,2418.14 1 0
github.com/CosmWasm/wasmd/x/wasm/types/query.pb.go:2421.2,2423.26 3 0
github.com/CosmWasm/wasmd/x/wasm/types/query.pb.go:2429.2,2429.25 1 0
github.com/CosmWasm/wasmd/x/wasm/types/query.pb.go:2433.2,2433.10 1 0
github.com/CosmWasm/wasmd/x/wasm/types/query.pb.go:2418.14,2420.3 1 0
github.com/CosmWasm/wasmd/x/wasm/types/query.pb.go:2423.26,2424.33 1 0
github.com/CosmWasm/wasmd/x/wasm/types/query.pb.go:2424.33,2427.4 2 0
github.com/CosmWasm/wasmd/x/wasm/types/query.pb.go:2429.25,2432.3 2 0
github.com/CosmWasm/wasmd/x/wasm/types/query.pb.go:2436.50,2437.14 1 0
github.com/CosmWasm/wasmd/x/wasm/types/query.pb.go:2440.2,2442.25 3 0
github.com/CosmWasm/wasmd/x/wasm/types/query.pb.go:2446.2,2446.10 1 0
github.com/CosmWasm/wasmd/x/wasm/types/query.pb.go:2437.14,2439.3 1 0
github.com/CosmWasm/wasmd/x/wasm/types/query.pb.go:2442.25,2445.3 2 0
github.com/CosmWasm/wasmd/x/wasm/types/query.pb.go:2449.51,2450.14 1 0
github.com/CosmWasm/wasmd/x/wasm/types/query.pb.go:2453.2,2455.24 3 0
github.com/CosmWasm/wasmd/x/wasm/types/query.pb.go:2462.2,2462.25 1 0
github.com/CosmWasm/wasmd/x/wasm/types/query.pb.go:2466.2,2466.10 1 0
github.com/CosmWasm/wasmd/x/wasm/types/query.pb.go:2450.14,2452.3 1 0
github.com/CosmWasm/wasmd/x/wasm/types/query.pb.go:2455.24,2457.31 2 0
github.com/CosmWasm/wasmd/x/wasm/types/query.pb.go:2460.3,2460.35 1 0
github.com/CosmWasm/wasmd/x/wasm/types/query.pb.go:2457.31,2459.4 1 0
github.com/CosmWasm/wasmd/x/wasm/types/query.pb.go:2462.25,2465.3 2 0
github.com/CosmWasm/wasmd/x/wasm/types/query.pb.go:2469.33,2471.2 1 0
github.com/CosmWasm/wasmd/x/wasm/types/query.pb.go:2472.33,2474.2 1 0
github.com/CosmWasm/wasmd/x/wasm/types/query.pb.go:2475.65,2478.16 3 0
github.com/CosmWasm/wasmd/x/wasm/types/query.pb.go:2552.2,2552.15 1 0
github.com/CosmWasm/wasmd/x/wasm/types/query.pb.go:2555.2,2555.12 1 0
github.com/CosmWasm/wasmd/x/wasm/types/query.pb.go:2478.16,2481.38 3 0
github.com/CosmWasm/wasmd/x/wasm/types/query.pb.go:2495.3,2497.20 3 0
github.com/CosmWasm/wasmd/x/wasm/types/query.pb.go:2500.3,2500.20 1 0
github.com/CosmWasm/wasmd/x/wasm/types/query.pb.go:2503.3,2503.19 1 0
github.com/CosmWasm/wasmd/x/wasm/types/query.pb.go:2481.38,2482.19 1 0
github.com/CosmWasm/wasmd/x/wasm/types/query.pb.go:2485.4,2485.18 1 0
github.com/CosmWasm/wasmd/x/wasm/types/query.pb.go:2488.4,2491.16 4 0
github.com/CosmWasm/wasmd/x/wasm/types/query.pb.go:2482.19,2484.5 1 0
github.com/CosmWasm/wasmd/x/wasm/types/query.pb.go:2485.18,2487.5 1 0
github.com/CosmWasm/wasmd/x/wasm/types/query.pb.go:2491.16,2492.10 1 0
github.com/CosmWasm/wasmd/x/wasm/types/query.pb.go:2497.20,2499.4 1 0
github.com/CosmWasm/wasmd/x/wasm/types/query.pb.go:2500.20,2502.4 1 0
github.com/CosmWasm/wasmd/x/wasm/types/query.pb.go:2504.10,2505.21 1 0
github.com/CosmWasm/wasmd/x/wasm/types/query.pb.go:2508.4,2509.39 2 0
github.com/CosmWasm/wasmd/x/wasm/types/query.pb.go:2523.4,2524.24 2 0
github.com/CosmWasm/wasmd/x/wasm/types/query.pb.go:2527.4,2528.21 2 0
github.com/CosmWasm/wasmd/x/wasm/types/query.pb.go:2531.4,2531.21 1 0
github.com/CosmWasm/wasmd/x/wasm/types/query.pb.go:2534.4,2535.21 2 0
github.com/CosmWasm/wasmd/x/wasm/types/query.pb.go:2536.11,2539.18 3 0
github.com/CosmWasm/wasmd/x/wasm/types/query.pb.go:2542.4,2542.42 1 0
github.com/CosmWasm/wasmd/x/wasm/types/query.pb.go:2545.4,2545.28 1 0
github.com/CosmWasm/wasmd/x/wasm/types/query.pb.go:2548.4,2548.19 1 0
github.com/CosmWasm/wasmd/x/wasm/types/query.pb.go:2505.21,2507.5 1 0
github.com/CosmWasm/wasmd/x/wasm/types/query.pb.go:2509.39,2510.20 1 0
github.com/CosmWasm/wasmd/x/wasm/types/query.pb.go:2513.5,2513.19 1 0
github.com/CosmWasm/wasmd/x/wasm/types/query.pb.go:2516.5,2519.17 4 0
github.com/CosmWasm/wasmd/x/wasm/types/query.pb.go:2510.20,2512.6 1 0
github.com/CosmWasm/wasmd/x/wasm/types/query.pb.go:2513.19,2515.6 1 0
github.com/CosmWasm/wasmd/x/wasm/types/query.pb.go:2519.17,2520.11 1 0
github.com/CosmWasm/wasmd/x/wasm/types/query.pb.go:2524.24,2526.5 1 0
github.com/CosmWasm/wasmd/x/wasm/types/query.pb.go:2528.21,2530.5 1 0
github.com/CosmWasm/wasmd/x/wasm/types/query.pb.go:2531.21,2533.5 1 0
github.com/CosmWasm/wasmd/x/wasm/types/query.pb.go:2539.18,2541.5 1 0
github.com/CosmWasm/wasmd/x/wasm/types/query.pb.go:2542.42,2544.5 1 0
github.com/CosmWasm/wasmd/x/wasm/types/query.pb.go:2545.28,2547.5 1 0
github.com/CosmWasm/wasmd/x/wasm/types/query.pb.go:2552.15,2554.3 1 0
github.com/CosmWasm/wasmd/x/wasm/types/query.pb.go:2557.66,2560.16 3 0
github.com/CosmWasm/wasmd/x/wasm/types/query.pb.go:2667.2,2667.15 1 0
github.com/CosmWasm/wasmd/x/wasm/types/query.pb.go:2670.2,2670.12 1 0
github.com/CosmWasm/wasmd/x/wasm/types/query.pb.go:2560.16,2563.38 3 0
github.com/CosmWasm/wasmd/x/wasm/types/query.pb.go:2577.3,2579.20 3 0
github.com/CosmWasm/wasmd/x/wasm/types/query.pb.go:2582.3,2582.20 1 0
github.com/CosmWasm/wasmd/x/wasm/types/query.pb.go:2585.3,2585.19 1 0
github.com/CosmWasm/wasmd/x/wasm/types/query.pb.go:2563.38,2564.19 1 0
github.com/CosmWasm/wasmd/x/wasm/types/query.pb.go:2567.4,2567.18 1 0
github.com/CosmWasm/wasmd/x/wasm/types/query.pb.go:2570.4,2573.16 4 0
github.com/CosmWasm/wasmd/x/wasm/types/query.pb.go:2564.19,2566.5 1 0
github.com/CosmWasm/wasmd/x/wasm/types/query.pb.go:2567.18,2569.5 1 0
github.com/CosmWasm/wasmd/x/wasm/types/query.pb.go:2573.16,2574.10 1 0
github.com/CosmWasm/wasmd/x/wasm/types/query.pb.go:2579.20,2581.4 1 0
github.com/CosmWasm/wasmd/x/wasm/types/query.pb.go:2582.20,2584.4 1 0
github.com/CosmWasm/wasmd/x/wasm/types/query.pb.go:2586.10,2587.21 1 0
github.com/CosmWasm/wasmd/x/wasm/types/query.pb.go:2590.4,2591.39 2 0
github.com/CosmWasm/wasmd/x/wasm/types/query.pb.go:2605.4,2606.24 2 0
github.com/CosmWasm/wasmd/x/wasm/types/query.pb.go:2609.4,2610.21 2 0
github.com/CosmWasm/wasmd/x/wasm/types/query.pb.go:2613.4,2613.21 1 0
github.com/CosmWasm/wasmd/x/wasm/types/query.pb.go:2616.4,2617.21 2 0
github.com/CosmWasm/wasmd/x/wasm/types/query.pb.go:2618.10,2619.21 1 0
github.com/CosmWasm/wasmd/x/wasm/types/query.pb.go:2622.4,2623.39 2 0
github.com/CosmWasm/wasmd/x/wasm/types/query.pb.go:2637.4,2637.18 1 0
github.com/CosmWasm/wasmd/x/wasm/types/query.pb.go:2640.4,2641.21 2 0
github.com/CosmWasm/wasmd/x/wasm/types/query.pb.go:2644.4,2644.21 1 0
github.com/CosmWasm/wasmd/x/wasm/types/query.pb.go:2647.4,2647.74 1 0
github.com/CosmWasm/wasmd/x/wasm/types/query.pb.go:2650.4,2650.21 1 0
github.com/CosmWasm/wasmd/x/wasm/types/query.pb.go:2651.11,2654.18 3 0
github.com/CosmWasm/wasmd/x/wasm/types/query.pb.go:2657.4,2657.42 1 0
github.com/CosmWasm/wasmd/x/wasm/types/query.pb.go:2660.4,2660.28 1 0
github.com/CosmWasm/wasmd/x/wasm/types/query.pb.go:2663.4,2663.19 1 0
github.com/CosmWasm/wasmd/x/wasm/types/query.pb.go:2587.21,2589.5 1 0
github.com/CosmWasm/wasmd/x/wasm/types/query.pb.go:2591.39,2592.20 1 0
github.com/CosmWasm/wasmd/x/wasm/types/query.pb.go:2595.5,2595.19 1 0
github.com/CosmWasm/wasmd/x/wasm/types/query.pb.go:2598.5,2601.17 4 0
github.com/CosmWasm/wasmd/x/wasm/types/query.pb.go:2592.20,2594.6 1 0
github.com/CosmWasm/wasmd/x/wasm/types/query.pb.go:2595.19,2597.6 1 0
github.com/CosmWasm/wasmd/x/wasm/types/query.pb.go:2601.17,2602.11 1 0
github.com/CosmWasm/wasmd/x/wasm/types/query.pb.go:2606.24,2608.5 1 0
github.com/CosmWasm/wasmd/x/wasm/types/query.pb.go:2610.21,2612.5 1 0
github.com/CosmWasm/wasmd/x/wasm/types/query.pb.go:2613.21,2615.5 1 0
github.com/CosmWasm/wasmd/x/wasm/types/query.pb.go:2619.21,2621.5 1 0
github.com/CosmWasm/wasmd/x/wasm/types/query.pb.go:2623.39,2624.20 1 0
github.com/CosmWasm/wasmd/x/wasm/types/query.pb.go:2627.5,2627.19 1 0
github.com/CosmWasm/wasmd/x/wasm/types/query.pb.go:2630.5,2633.17 4 0
github.com/CosmWasm/wasmd/x/wasm/types/query.pb.go:2624.20,2626.6 1 0
github.com/CosmWasm/wasmd/x/wasm/types/query.pb.go:2627.19,2629.6 1 0
github.com/CosmWasm/wasmd/x/wasm/types/query.pb.go:2633.17,2634.11 1 0
github.com/CosmWasm/wasmd/x/wasm/types/query.pb.go:2637.18,2639.5 1 0
github.com/CosmWasm/wasmd/x/wasm/types/query.pb.go:2641.21,2643.5 1 0
github.com/CosmWasm/wasmd/x/wasm/types/query.pb.go:2644.21,2646.5 1 0
github.com/CosmWasm/wasmd/x/wasm/types/query.pb.go:2647.74,2649.5 1 0
github.com/CosmWasm/wasmd/x/wasm/types/query.pb.go:2654.18,2656.5 1 0
github.com/CosmWasm/wasmd/x/wasm/types/query.pb.go:2657.42,2659.5 1 0
github.com/CosmWasm/wasmd/x/wasm/types/query.pb.go:2660.28,2662.5 1 0
github.com/CosmWasm/wasmd/x/wasm/types/query.pb.go:2667.15,2669.3 1 0
github.com/CosmWasm/wasmd/x/wasm/types/query.pb.go:2672.68,2675.16 3 0
github.com/CosmWasm/wasmd/x/wasm/types/query.pb.go:2785.2,2785.15 1 0
github.com/CosmWasm/wasmd/x/wasm/types/query.pb.go:2788.2,2788.12 1 0
github.com/CosmWasm/wasmd/x/wasm/types/query.pb.go:2675.16,2678.38 3 0
github.com/CosmWasm/wasmd/x/wasm/types/query.pb.go:2692.3,2694.20 3 0
github.com/CosmWasm/wasmd/x/wasm/types/query.pb.go:2697.3,2697.20 1 0
github.com/CosmWasm/wasmd/x/wasm/types/query.pb.go:2700.3,2700.19 1 0
github.com/CosmWasm/wasmd/x/wasm/types/query.pb.go:2678.38,2679.19 1 0
github.com/CosmWasm/wasmd/x/wasm/types/query.pb.go:2682.4,2682.18 1 0
github.com/CosmWasm/wasmd/x/wasm/types/query.pb.go:2685.4,2688.16 4 0
github.com/CosmWasm/wasmd/x/wasm/types/query.pb.go:2679.19,2681.5 1 0
github.com/CosmWasm/wasmd/x/wasm/types/query.pb.go:2682.18,2684.5 1 0
github.com/CosmWasm/wasmd/x/wasm/types/query.pb.go:2688.16,2689.10 1 0
github.com/CosmWasm/wasmd/x/wasm/types/query.pb.go:2694.20,2696.4 1 0
github.com/CosmWasm/wasmd/x/wasm/types/query.pb.go:2697.20,2699.4 1 0
github.com/CosmWasm/wasmd/x/wasm/types/query.pb.go:2701.10,2702.21 1 0
github.com/CosmWasm/wasmd/x/wasm/types/query.pb.go:2705.4,2706.39 2 0
github.com/CosmWasm/wasmd/x/wasm/types/query.pb.go:2720.4,2721.24 2 0
github.com/CosmWasm/wasmd/x/wasm/types/query.pb.go:2724.4,2725.21 2 0
github.com/CosmWasm/wasmd/x/wasm/types/query.pb.go:2728.4,2728.21 1 0
github.com/CosmWasm/wasmd/x/wasm/types/query.pb.go:2731.4,2732.21 2 0
github.com/CosmWasm/wasmd/x/wasm/types/query.pb.go:2733.10,2734.21 1 0
github.com/CosmWasm/wasmd/x/wasm/types/query.pb.go:2737.4,2738.39 2 0
github.com/CosmWasm/wasmd/x/wasm/types/query.pb.go:2752.4,2752.18 1 0
github.com/CosmWasm/wasmd/x/wasm/types/query.pb.go:2755.4,2756.21 2 0
github.com/CosmWasm/wasmd/x/wasm/types/query.pb.go:2759.4,2759.21 1 0
github.com/CosmWasm/wasmd/x/wasm/types/query.pb.go:2762.4,2762.27 1 0
github.com/CosmWasm/wasmd/x/wasm/types/query.pb.go:2765.4,2765.72 1 0
github.com/CosmWasm/wasmd/x/wasm/types/query.pb.go:2768.4,2768.21 1 0
github.com/CosmWasm/wasmd/x/wasm/types/query.pb.go:2769.11,2772.18 3 0
github.com/CosmWasm/wasmd/x/wasm/types/query.pb.go:2775.4,2775.42 1 0
github.com/CosmWasm/wasmd/x/wasm/types/query.pb.go:2778.4,2778.28 1 0
github.com/CosmWasm/wasmd/x/wasm/types/query.pb.go:2781.4,2781.19 1 0
github.com/CosmWasm/wasmd/x/wasm/types/query.pb.go:2702.21,2704.5 1 0
github.com/CosmWasm/wasmd/x/wasm/types/query.pb.go:2706.39,2707.20 1 0
github.com/CosmWasm/wasmd/x/wasm/types/query.pb.go:2710.5,2710.19 1 0
github.com/CosmWasm/wasmd/x/wasm/types/query.pb.go:2713.5,2716.17 4 0
github.com/CosmWasm/wasmd/x/wasm/types/query.pb.go:2707.20,2709.6 1 0
github.com/CosmWasm/wasmd/x/wasm/types/query.pb.go:2710.19,2712.6 1 0
github.com/CosmWasm/wasmd/x/wasm/types/query.pb.go:2716.17,2717.11 1 0
github.com/CosmWasm/wasmd/x/wasm/types/query.pb.go:2721.24,2723.5 1 0
github.com/CosmWasm/wasmd/x/wasm/types/query.pb.go:2725.21,2727.5 1 0
github.com/CosmWasm/wasmd/x/wasm/types/query.pb.go:2728.21,2730.5 1 0
github.com/CosmWasm/wasmd/x/wasm/types/query.pb.go:2734.21,2736.5 1 0
github.com/CosmWasm/wasmd/x/wasm/types/query.pb.go:2738.39,2739.20 1 0
github.com/CosmWasm/wasmd/x/wasm/types/query.pb.go:2742.5,2742.19 1 0
github.com/CosmWasm/wasmd/x/wasm/types/query.pb.go:2745.5,2748.17 4 0
github.com/CosmWasm/wasmd/x/wasm/types/query.pb.go:2739.20,2741.6 1 0
github.com/CosmWasm/wasmd/x/wasm/types/query.pb.go:2742.19,2744.6 1 0
github.com/CosmWasm/wasmd/x/wasm/types/query.pb.go:2748.17,2749.11 1 0
github.com/CosmWasm/wasmd/x/wasm/types/query.pb.go:2752.18,2754.5 1 0
github.com/CosmWasm/wasmd/x/wasm/types/query.pb.go:2756.21,2758.5 1 0
github.com/CosmWasm/wasmd/x/wasm/types/query.pb.go:2759.21,2761.5 1 0
github.com/CosmWasm/wasmd/x/wasm/types/query.pb.go:2762.27,2764.5 1 0
github.com/CosmWasm/wasmd/x/wasm/types/query.pb.go:2765.72,2767.5 1 0
github.com/CosmWasm/wasmd/x/wasm/types/query.pb.go:2772.18,2774.5 1 0
github.com/CosmWasm/wasmd/x/wasm/types/query.pb.go:2775.42,2777.5 1 0
github.com/CosmWasm/wasmd/x/wasm/types/query.pb.go:2778.28,2780.5 1 0
github.com/CosmWasm/wasmd/x/wasm/types/query.pb.go:2785.15,2787.3 1 0
github.com/CosmWasm/wasmd/x/wasm/types/query.pb.go:2790.69,2793.16 3 0
github.com/CosmWasm/wasmd/x/wasm/types/query.pb.go:2905.2,2905.15 1 0
github.com/CosmWasm/wasmd/x/wasm/types/query.pb.go:2908.2,2908.12 1 0
github.com/CosmWasm/wasmd/x/wasm/types/query.pb.go:2793.16,2796.38 3 0
github.com/CosmWasm/wasmd/x/wasm/types/query.pb.go:2810.3,2812.20 3 0
github.com/CosmWasm/wasmd/x/wasm/types/query.pb.go:2815.3,2815.20 1 0
github.com/CosmWasm/wasmd/x/wasm/types/query.pb.go:2818.3,2818.19 1 0
github.com/CosmWasm/wasmd/x/wasm/types/query.pb.go:2796.38,2797.19 1 0
github.com/CosmWasm/wasmd/x/wasm/types/query.pb.go:2800.4,2800.18 1 0
github.com/CosmWasm/wasmd/x/wasm/types/query.pb.go:2803.4,2806.16 4 0
github.com/CosmWasm/wasmd/x/wasm/types/query.pb.go:2797.19,2799.5 1 0
github.com/CosmWasm/wasmd/x/wasm/types/query.pb.go:2800.18,2802.5 1 0
github.com/CosmWasm/wasmd/x/wasm/types/query.pb.go:2806.16,2807.10 1 0
github.com/CosmWasm/wasmd/x/wasm/types/query.pb.go:2812.20,2814.4 1 0
github.com/CosmWasm/wasmd/x/wasm/types/query.pb.go:2815.20,2817.4 1 0
github.com/CosmWasm/wasmd/x/wasm/types/query.pb.go:2819.10,2820.21 1 0
github.com/CosmWasm/wasmd/x/wasm/types/query.pb.go:2823.4,2824.39 2 0
github.com/CosmWasm/wasmd/x/wasm/types/query.pb.go:2838.4,2838.18 1 0
github.com/CosmWasm/wasmd/x/wasm/types/query.pb.go:2841.4,2842.21 2 0
github.com/CosmWasm/wasmd/x/wasm/types/query.pb.go:2845.4,2845.21 1 0
github.com/CosmWasm/wasmd/x/wasm/types/query.pb.go:2848.4,2849.87 2 0
github.com/CosmWasm/wasmd/x/wasm/types/query.pb.go:2852.4,2852.21 1 0
github.com/CosmWasm/wasmd/x/wasm/types/query.pb.go:2853.10,2854.21 1 0
github.com/CosmWasm/wasmd/x/wasm/types/query.pb.go:2857.4,2858.39 2 0
github.com/CosmWasm/wasmd/x/wasm/types/query.pb.go:2872.4,2872.18 1 0
github.com/CosmWasm/wasmd/x/wasm/types/query.pb.go:2875.4,2876.21 2 0
github.com/CosmWasm/wasmd/x/wasm/types/query.pb.go:2879.4,2879.21 1 0
github.com/CosmWasm/wasmd/x/wasm/types/query.pb.go:2882.4,2882.27 1 0
github.com/CosmWasm/wasmd/x/wasm/types/query.pb.go:2885.4,2885.72 1 0
github.com/CosmWasm/wasmd/x/wasm/types/query.pb.go:2888.4,2888.21 1 0
github.com/CosmWasm/wasmd/x/wasm/types/query.pb.go:2889.11,2892.18 3 0
github.com/CosmWasm/wasmd/x/wasm/types/query.pb.go:2895.4,2895.42 1 0
github.com/CosmWasm/wasmd/x/wasm/types/query.pb.go:2898.4,2898.28 1 0
github.com/CosmWasm/wasmd/x/wasm/types/query.pb.go:2901.4,2901.19 1 0
github.com/CosmWasm/wasmd/x/wasm/types/query.pb.go:2820.21,2822.5 1 0
github.com/CosmWasm/wasmd/x/wasm/types/query.pb.go:2824.39,2825.20 1 0
github.com/CosmWasm/wasmd/x/wasm/types/query.pb.go:2828.5,2828.19 1 0
github.com/CosmWasm/wasmd/x/wasm/types/query.pb.go:2831.5,2834.17 4 0
github.com/CosmWasm/wasmd/x/wasm/types/query.pb.go:2825.20,2827.6 1 0
github.com/CosmWasm/wasmd/x/wasm/types/query.pb.go:2828.19,2830.6 1 0
github.com/CosmWasm/wasmd/x/wasm/types/query.pb.go:2834.17,2835.11 1 0
github.com/CosmWasm/wasmd/x/wasm/types/query.pb.go:2838.18,2840.5 1 0
github.com/CosmWasm/wasmd/x/wasm/types/query.pb.go:2842.21,2844.5 1 0
github.com/CosmWasm/wasmd/x/wasm/types/query.pb.go:2845.21,2847.5 1 0
github.com/CosmWasm/wasmd/x/wasm/types/query.pb.go:2849.87,2851.5 1 0
github.com/CosmWasm/wasmd/x/wasm/types/query.pb.go:2854.21,2856.5 1 0
github.com/CosmWasm/wasmd/x/wasm/types/query.pb.go:2858.39,2859.20 1 0
github.com/CosmWasm/wasmd/x/wasm/types/query.pb.go:2862.5,2862.19 1 0
github.com/CosmWasm/wasmd/x/wasm/types/query.pb.go:2865.5,2868.17 4 0
github.com/CosmWasm/wasmd/x/wasm/types/query.pb.go:2859.20,2861.6 1 0
github.com/CosmWasm/wasmd/x/wasm/types/query.pb.go:2862.19,2864.6 1 0
github.com/CosmWasm/wasmd/x/wasm/types/query.pb.go:2868.17,2869.11 1 0
github.com/CosmWasm/wasmd/x/wasm/types/query.pb.go:2872.18,2874.5 1 0
github.com/CosmWasm/wasmd/x/wasm/types/query.pb.go:2876.21,2878.5 1 0
github.com/CosmWasm/wasmd/x/wasm/types/query.pb.go:2879.21,2881.5 1 0
github.com/CosmWasm/wasmd/x/wasm/types/query.pb.go:2882.27,2884.5 1 0
github.com/CosmWasm/wasmd/x/wasm/types/query.pb.go:2885.72,2887.5 1 0
github.com/CosmWasm/wasmd/x/wasm/types/query.pb.go:2892.18,2894.5 1 0
github.com/CosmWasm/wasmd/x/wasm/types/query.pb.go:2895.42,2897.5 1 0
github.com/CosmWasm/wasmd/x/wasm/types/query.pb.go:2898.28,2900.5 1 0
github.com/CosmWasm/wasmd/x/wasm/types/query.pb.go:2905.15,2907.3 1 0
github.com/CosmWasm/wasmd/x/wasm/types/query.pb.go:2910.68,2913.16 3 0
github.com/CosmWasm/wasmd/x/wasm/types/query.pb.go:3010.2,3010.15 1 0
github.com/CosmWasm/wasmd/x/wasm/types/query.pb.go:3013.2,3013.12 1 0
github.com/CosmWasm/wasmd/x/wasm/types/query.pb.go:2913.16,2916.38 3 0
github.com/CosmWasm/wasmd/x/wasm/types/query.pb.go:2930.3,2932.20 3 0
github.com/CosmWasm/wasmd/x/wasm/types/query.pb.go:2935.3,2935.20 1 0
github.com/CosmWasm/wasmd/x/wasm/types/query.pb.go:2938.3,2938.19 1 0
github.com/CosmWasm/wasmd/x/wasm/types/query.pb.go:2916.38,2917.19 1 0
github.com/CosmWasm/wasmd/x/wasm/types/query.pb.go:2920.4,2920.18 1 0
github.com/CosmWasm/wasmd/x/wasm/types/query.pb.go:2923.4,2926.16 4 0
github.com/CosmWasm/wasmd/x/wasm/types/query.pb.go:2917.19,2919.5 1 0
github.com/CosmWasm/wasmd/x/wasm/types/query.pb.go:2920.18,2922.5 1 0
github.com/CosmWasm/wasmd/x/wasm/types/query.pb.go:2926.16,2927.10 1 0
github.com/CosmWasm/wasmd/x/wasm/types/query.pb.go:2932.20,2934.4 1 0
github.com/CosmWasm/wasmd/x/wasm/types/query.pb.go:2935.20,2937.4 1 0
github.com/CosmWasm/wasmd/x/wasm/types/query.pb.go:2939.10,2940.21 1 0
github.com/CosmWasm/wasmd/x/wasm/types/query.pb.go:2943.4,2944.39 2 0
github.com/CosmWasm/wasmd/x/wasm/types/query.pb.go:2958.10,2959.21 1 0
github.com/CosmWasm/wasmd/x/wasm/types/query.pb.go:2962.4,2963.39 2 0
github.com/CosmWasm/wasmd/x/wasm/types/query.pb.go:2977.4,2977.18 1 0
github.com/CosmWasm/wasmd/x/wasm/types/query.pb.go:2980.4,2981.21 2 0
github.com/CosmWasm/wasmd/x/wasm/types/query.pb.go:2984.4,2984.21 1 0
github.com/CosmWasm/wasmd/x/wasm/types/query.pb.go:2987.4,2987.27 1 0
github.com/CosmWasm/wasmd/x/wasm/types/query.pb.go:2990.4,2990.72 1 0
github.com/CosmWasm/wasmd/x/wasm/types/query.pb.go:2993.4,2993.21 1 0
github.com/CosmWasm/wasmd/x/wasm/types/query.pb.go:2994.11,2997.18 3 0
github.com/CosmWasm/wasmd/x/wasm/types/query.pb.go:3000.4,3000.42 1 0
github.com/CosmWasm/wasmd/x/wasm/types/query.pb.go:3003.4,3003.28 1 0
github.com/CosmWasm/wasmd/x/wasm/types/query.pb.go:3006.4,3006.19 1 0
github.com/CosmWasm/wasmd/x/wasm/types/query.pb.go:2940.21,2942.5 1 0
github.com/CosmWasm/wasmd/x/wasm/types/query.pb.go:2944.39,2945.20 1 0
github.com/CosmWasm/wasmd/x/wasm/types/query.pb.go:2948.5,2948.19 1 0
github.com/CosmWasm/wasmd/x/wasm/types/query.pb.go:2951.5,2954.17 4 0
github.com/CosmWasm/wasmd/x/wasm/types/query.pb.go:2945.20,2947.6 1 0
github.com/CosmWasm/wasmd/x/wasm/types/query.pb.go:2948.19,2950.6 1 0
github.com/CosmWasm/wasmd/x/wasm/types/query.pb.go:2954.17,2955.11 1 0
github.com/CosmWasm/wasmd/x/wasm/types/query.pb.go:2959.21,2961.5 1 0
github.com/CosmWasm/wasmd/x/wasm/types/query.pb.go:2963.39,2964.20 1 0
github.com/CosmWasm/wasmd/x/wasm/types/query.pb.go:2967.5,2967.19 1 0
github.com/CosmWasm/wasmd/x/wasm/types/query.pb.go:2970.5,2973.17 4 0
github.com/CosmWasm/wasmd/x/wasm/types/query.pb.go:2964.20,2966.6 1 0
github.com/CosmWasm/wasmd/x/wasm/types/query.pb.go:2967.19,2969.6 1 0
github.com/CosmWasm/wasmd/x/wasm/types/query.pb.go:2973.17,2974.11 1 0
github.com/CosmWasm/wasmd/x/wasm/types/query.pb.go:2977.18,2979.5 1 0
github.com/CosmWasm/wasmd/x/wasm/types/query.pb.go:2981.21,2983.5 1 0
github.com/CosmWasm/wasmd/x/wasm/types/query.pb.go:2984.21,2986.5 1 0
github.com/CosmWasm/wasmd/x/wasm/types/query.pb.go:2987.27,2989.5 1 0
github.com/CosmWasm/wasmd/x/wasm/types/query.pb.go:2990.72,2992.5 1 0
github.com/CosmWasm/wasmd/x/wasm/types/query.pb.go:2997.18,2999.5 1 0
github.com/CosmWasm/wasmd/x/wasm/types/query.pb.go:3000.42,3002.5 1 0
github.com/CosmWasm/wasmd/x/wasm/types/query.pb.go:3003.28,3005.5 1 0
github.com/CosmWasm/wasmd/x/wasm/types/query.pb.go:3010.15,3012.3 1 0
github.com/CosmWasm/wasmd/x/wasm/types/query.pb.go:3015.69,3018.16 3 0
github.com/CosmWasm/wasmd/x/wasm/types/query.pb.go:3128.2,3128.15 1 0
github.com/CosmWasm/wasmd/x/wasm/types/query.pb.go:3131.2,3131.12 1 0
github.com/CosmWasm/wasmd/x/wasm/types/query.pb.go:3018.16,3021.38 3 0
github.com/CosmWasm/wasmd/x/wasm/types/query.pb.go:3035.3,3037.20 3 0
github.com/CosmWasm/wasmd/x/wasm/types/query.pb.go:3040.3,3040.20 1 0
github.com/CosmWasm/wasmd/x/wasm/types/query.pb.go:3043.3,3043.19 1 0
github.com/CosmWasm/wasmd/x/wasm/types/query.pb.go:3021.38,3022.19 1 0
github.com/CosmWasm/wasmd/x/wasm/types/query.pb.go:3025.4,3025.18 1 0
github.com/CosmWasm/wasmd/x/wasm/types/query.pb.go:3028.4,3031.16 4 0
github.com/CosmWasm/wasmd/x/wasm/types/query.pb.go:3022.19,3024.5 1 0
github.com/CosmWasm/wasmd/x/wasm/types/query.pb.go:3025.18,3027.5 1 0
github.com/CosmWasm/wasmd/x/wasm/types/query.pb.go:3031.16,3032.10 1 0
github.com/CosmWasm/wasmd/x/wasm/types/query.pb.go:3037.20,3039.4 1 0
github.com/CosmWasm/wasmd/x/wasm/types/query.pb.go:3040.20,3042.4 1 0
github.com/CosmWasm/wasmd/x/wasm/types/query.pb.go:3044.10,3045.21 1 0
github.com/CosmWasm/wasmd/x/wasm/types/query.pb.go:3048.4,3049.39 2 0
github.com/CosmWasm/wasmd/x/wasm/types/query.pb.go:3063.4,3064.24 2 0
github.com/CosmWasm/wasmd/x/wasm/types/query.pb.go:3067.4,3068.21 2 0
github.com/CosmWasm/wasmd/x/wasm/types/query.pb.go:3071.4,3071.21 1 0
github.com/CosmWasm/wasmd/x/wasm/types/query.pb.go:3074.4,3075.21 2 0
github.com/CosmWasm/wasmd/x/wasm/types/query.pb.go:3076.10,3077.21 1 0
github.com/CosmWasm/wasmd/x/wasm/types/query.pb.go:3080.4,3081.39 2 0
github.com/CosmWasm/wasmd/x/wasm/types/query.pb.go:3095.4,3095.18 1 0
github.com/CosmWasm/wasmd/x/wasm/types/query.pb.go:3098.4,3099.21 2 0
github.com/CosmWasm/wasmd/x/wasm/types/query.pb.go:3102.4,3102.21 1 0
github.com/CosmWasm/wasmd/x/wasm/types/query.pb.go:3105.4,3105.27 1 0
github.com/CosmWasm/wasmd/x/wasm/types/query.pb.go:3108.4,3108.72 1 0
github.com/CosmWasm/wasmd/x/wasm/types/query.pb.go:3111.4,3111.21 1 0
github.com/CosmWasm/wasmd/x/wasm/types/query.pb.go:3112.11,3115.18 3 0
github.com/CosmWasm/wasmd/x/wasm/types/query.pb.go:3118.4,3118.42 1 0
github.com/CosmWasm/wasmd/x/wasm/types/query.pb.go:3121.4,3121.28 1 0
github.com/CosmWasm/wasmd/x/wasm/types/query.pb.go:3124.4,3124.19 1 0
github.com/CosmWasm/wasmd/x/wasm/types/query.pb.go:3045.21,3047.5 1 0
github.com/CosmWasm/wasmd/x/wasm/types/query.pb.go:3049.39,3050.20 1 0
github.com/CosmWasm/wasmd/x/wasm/types/query.pb.go:3053.5,3053.19 1 0
github.com/CosmWasm/wasmd/x/wasm/types/query.pb.go:3056.5,3059.17 4 0
github.com/CosmWasm/wasmd/x/wasm/types/query.pb.go:3050.20,3052.6 1 0
github.com/CosmWasm/wasmd/x/wasm/types/query.pb.go:3053.19,3055.6 1 0
github.com/CosmWasm/wasmd/x/wasm/types/query.pb.go:3059.17,3060.11 1 0
github.com/CosmWasm/wasmd/x/wasm/types/query.pb.go:3064.24,3066.5 1 0
github.com/CosmWasm/wasmd/x/wasm/types/query.pb.go:3068.21,3070.5 1 0
github.com/CosmWasm/wasmd/x/wasm/types/query.pb.go:3071.21,3073.5 1 0
github.com/CosmWasm/wasmd/x/wasm/types/query.pb.go:3077.21,3079.5 1 0
github.com/CosmWasm/wasmd/x/wasm/types/query.pb.go:3081.39,3082.20 1 0
github.com/CosmWasm/wasmd/x/wasm/types/query.pb.go:3085.5,3085.19 1 0
github.com/CosmWasm/wasmd/x/wasm/types/query.pb.go:3088.5,3091.17 4 0
github.com/CosmWasm/wasmd/x/wasm/types/query.pb.go:3082.20,3084.6 1 0
github.com/CosmWasm/wasmd/x/wasm/types/query.pb.go:3085.19,3087.6 1 0
github.com/CosmWasm/wasmd/x/wasm/types/query.pb.go:3091.17,3092.11 1 0
github.com/CosmWasm/wasmd/x/wasm/types/query.pb.go:3095.18,3097.5 1 0
github.com/CosmWasm/wasmd/x/wasm/types/query.pb.go:3099.21,3101.5 1 0
github.com/CosmWasm/wasmd/x/wasm/types/query.pb.go:3102.21,3104.5 1 0
github.com/CosmWasm/wasmd/x/wasm/types/query.pb.go:3105.27,3107.5 1 0
github.com/CosmWasm/wasmd/x/wasm/types/query.pb.go:3108.72,3110.5 1 0
github.com/CosmWasm/wasmd/x/wasm/types/query.pb.go:3115.18,3117.5 1 0
github.com/CosmWasm/wasmd/x/wasm/types/query.pb.go:3118.42,3120.5 1 0
github.com/CosmWasm/wasmd/x/wasm/types/query.pb.go:3121.28,3123.5 1 0
github.com/CosmWasm/wasmd/x/wasm/types/query.pb.go:3128.15,3130.3 1 0
github.com/CosmWasm/wasmd/x/wasm/types/query.pb.go:3133.69,3136.16 3 0
github.com/CosmWasm/wasmd/x/wasm/types/query.pb.go:3246.2,3246.15 1 0
github.com/CosmWasm/wasmd/x/wasm/types/query.pb.go:3249.2,3249.12 1 0
github.com/CosmWasm/wasmd/x/wasm/types/query.pb.go:3136.16,3139.38 3 0
github.com/CosmWasm/wasmd/x/wasm/types/query.pb.go:3153.3,3155.20 3 0
github.com/CosmWasm/wasmd/x/wasm/types/query.pb.go:3158.3,3158.20 1 0
github.com/CosmWasm/wasmd/x/wasm/types/query.pb.go:3161.3,3161.19 1 0
github.com/CosmWasm/wasmd/x/wasm/types/query.pb.go:3139.38,3140.19 1 0
github.com/CosmWasm/wasmd/x/wasm/types/query.pb.go:3143.4,3143.18 1 0
github.com/CosmWasm/wasmd/x/wasm/types/query.pb.go:3146.4,3149.16 4 0
github.com/CosmWasm/wasmd/x/wasm/types/query.pb.go:3140.19,3142.5 1 0
github.com/CosmWasm/wasmd/x/wasm/types/query.pb.go:3143.18,3145.5 1 0
github.com/CosmWasm/wasmd/x/wasm/types/query.pb.go:3149.16,3150.10 1 0
github.com/CosmWasm/wasmd/x/wasm/types/query.pb.go:3155.20,3157.4 1 0
github.com/CosmWasm/wasmd/x/wasm/types/query.pb.go:3158.20,3160.4 1 0
github.com/CosmWasm/wasmd/x/wasm/types/query.pb.go:3162.10,3163.21 1 0
github.com/CosmWasm/wasmd/x/wasm/types/query.pb.go:3166.4,3167.39 2 0
github.com/CosmWasm/wasmd/x/wasm/types/query.pb.go:3181.4,3182.24 2 0
github.com/CosmWasm/wasmd/x/wasm/types/query.pb.go:3185.4,3186.21 2 0
github.com/CosmWasm/wasmd/x/wasm/types/query.pb.go:3189.4,3189.21 1 0
github.com/CosmWasm/wasmd/x/wasm/types/query.pb.go:3192.4,3193.21 2 0
github.com/CosmWasm/wasmd/x/wasm/types/query.pb.go:3194.10,3195.21 1 0
github.com/CosmWasm/wasmd/x/wasm/types/query.pb.go:3198.4,3199.39 2 0
github.com/CosmWasm/wasmd/x/wasm/types/query.pb.go:3213.4,3213.18 1 0
github.com/CosmWasm/wasmd/x/wasm/types/query.pb.go:3216.4,3217.21 2 0
github.com/CosmWasm/wasmd/x/wasm/types/query.pb.go:3220.4,3220.21 1 0
github.com/CosmWasm/wasmd/x/wasm/types/query.pb.go:3223.4,3223.27 1 0
github.com/CosmWasm/wasmd/x/wasm/types/query.pb.go:3226.4,3226.72 1 0
github.com/CosmWasm/wasmd/x/wasm/types/query.pb.go:3229.4,3229.21 1 0
github.com/CosmWasm/wasmd/x/wasm/types/query.pb.go:3230.11,3233.18 3 0
github.com/CosmWasm/wasmd/x/wasm/types/query.pb.go:3236.4,3236.42 1 0
github.com/CosmWasm/wasmd/x/wasm/types/query.pb.go:3239.4,3239.28 1 0
github.com/CosmWasm/wasmd/x/wasm/types/query.pb.go:3242.4,3242.19 1 0
github.com/CosmWasm/wasmd/x/wasm/types/query.pb.go:3163.21,3165.5 1 0
github.com/CosmWasm/wasmd/x/wasm/types/query.pb.go:3167.39,3168.20 1 0
github.com/CosmWasm/wasmd/x/wasm/types/query.pb.go:3171.5,3171.19 1 0
github.com/CosmWasm/wasmd/x/wasm/types/query.pb.go:3174.5,3177.17 4 0
github.com/CosmWasm/wasmd/x/wasm/types/query.pb.go:3168.20,3170.6 1 0
github.com/CosmWasm/wasmd/x/wasm/types/query.pb.go:3171.19,3173.6 1 0
github.com/CosmWasm/wasmd/x/wasm/types/query.pb.go:3177.17,3178.11 1 0
github.com/CosmWasm/wasmd/x/wasm/types/query.pb.go:3182.24,3184.5 1 0
github.com/CosmWasm/wasmd/x/wasm/types/query.pb.go:3186.21,3188.5 1 0
github.com/CosmWasm/wasmd/x/wasm/types/query.pb.go:3189.21,3191.5 1 0
github.com/CosmWasm/wasmd/x/wasm/types/query.pb.go:3195.21,3197.5 1 0
github.com/CosmWasm/wasmd/x/wasm/types/query.pb.go:3199.39,3200.20 1 0
github.com/CosmWasm/wasmd/x/wasm/types/query.pb.go:3203.5,3203.19 1 0
github.com/CosmWasm/wasmd/x/wasm/types/query.pb.go:3206.5,3209.17 4 0
github.com/CosmWasm/wasmd/x/wasm/types/query.pb.go:3200.20,3202.6 1 0
github.com/CosmWasm/wasmd/x/wasm/types/query.pb.go:3203.19,3205.6 1 0
github.com/CosmWasm/wasmd/x/wasm/types/query.pb.go:3209.17,3210.11 1 0
github.com/CosmWasm/wasmd/x/wasm/types/query.pb.go:3213.18,3215.5 1 0
github.com/CosmWasm/wasmd/x/wasm/types/query.pb.go:3217.21,3219.5 1 0
github.com/CosmWasm/wasmd/x/wasm/types/query.pb.go:3220.21,3222.5 1 0
github.com/CosmWasm/wasmd/x/wasm/types/query.pb.go:3223.27,3225.5 1 0
github.com/CosmWasm/wasmd/x/wasm/types/query.pb.go:3226.72,3228.5 1 0
github.com/CosmWasm/wasmd/x/wasm/types/query.pb.go:3233.18,3235.5 1 0
github.com/CosmWasm/wasmd/x/wasm/types/query.pb.go:3236.42,3238.5 1 0
[...]
github.com/CosmWasm/wasmd/x/wasm/client/cli/genesis_msg.go:315.34,316.52 1 4
github.com/CosmWasm/wasmd/x/wasm/client/cli/genesis_msg.go:316.52,327.4 2 4
github.com/CosmWasm/wasmd/x/wasm/client/cli/genesis_msg.go:332.135,334.20 1 15
github.com/CosmWasm/wasmd/x/wasm/client/cli/genesis_msg.go:337.2,338.16 2 4
github.com/CosmWasm/wasmd/x/wasm/client/cli/genesis_msg.go:341.2,344.16 4 4
github.com/CosmWasm/wasmd/x/wasm/client/cli/genesis_msg.go:347.2,347.18 1 2
github.com/CosmWasm/wasmd/x/wasm/client/cli/genesis_msg.go:334.20,336.3 1 11
github.com/CosmWasm/wasmd/x/wasm/client/cli/genesis_msg.go:338.16,340.3 1 0
github.com/CosmWasm/wasmd/x/wasm/client/cli/genesis_msg.go:344.16,346.3 1 2
github.com/CosmWasm/wasmd/x/wasm/client/cli/genesis_msg.go:350.71,351.36 1 6
github.com/CosmWasm/wasmd/x/wasm/client/cli/genesis_msg.go:356.2,357.34 2 3
github.com/CosmWasm/wasmd/x/wasm/client/cli/genesis_msg.go:365.2,365.14 1 1
github.com/CosmWasm/wasmd/x/wasm/client/cli/genesis_msg.go:351.36,352.40 1 3
github.com/CosmWasm/wasmd/x/wasm/client/cli/genesis_msg.go:352.40,354.4 1 3
github.com/CosmWasm/wasmd/x/wasm/client/cli/genesis_msg.go:357.34,358.52 1 2
github.com/CosmWasm/wasmd/x/wasm/client/cli/genesis_msg.go:358.52,359.77 1 2
github.com/CosmWasm/wasmd/x/wasm/client/cli/genesis_msg.go:362.4,362.9 1 0
github.com/CosmWasm/wasmd/x/wasm/client/cli/genesis_msg.go:359.77,361.5 1 2
github.com/CosmWasm/wasmd/x/wasm/client/cli/genesis_msg.go:376.156,378.2 1 17
github.com/CosmWasm/wasmd/x/wasm/client/cli/genesis_msg.go:382.89,390.16 7 17
github.com/CosmWasm/wasmd/x/wasm/client/cli/genesis_msg.go:393.2,394.39 2 17
github.com/CosmWasm/wasmd/x/wasm/client/cli/genesis_msg.go:399.2,404.8 1 17
github.com/CosmWasm/wasmd/x/wasm/client/cli/genesis_msg.go:390.16,392.3 1 0
github.com/CosmWasm/wasmd/x/wasm/client/cli/genesis_msg.go:394.39,397.3 2 17
github.com/CosmWasm/wasmd/x/wasm/client/cli/genesis_msg.go:419.46,421.2 1 21
github.com/CosmWasm/wasmd/x/wasm/client/cli/genesis_msg.go:427.159,429.16 2 17
github.com/CosmWasm/wasmd/x/wasm/client/cli/genesis_msg.go:432.2,432.64 1 17
github.com/CosmWasm/wasmd/x/wasm/client/cli/genesis_msg.go:436.2,436.58 1 12
github.com/CosmWasm/wasmd/x/wasm/client/cli/genesis_msg.go:439.2,441.16 3 12
github.com/CosmWasm/wasmd/x/wasm/client/cli/genesis_msg.go:445.2,447.16 3 12
github.com/CosmWasm/wasmd/x/wasm/client/cli/genesis_msg.go:451.2,452.59 2 12
github.com/CosmWasm/wasmd/x/wasm/client/cli/genesis_msg.go:429.16,431.3 1 0
github.com/CosmWasm/wasmd/x/wasm/client/cli/genesis_msg.go:432.64,434.3 1 5
github.com/CosmWasm/wasmd/x/wasm/client/cli/genesis_msg.go:436.58,438.3 1 0
github.com/CosmWasm/wasmd/x/wasm/client/cli/genesis_msg.go:441.16,443.3 1 0
github.com/CosmWasm/wasmd/x/wasm/client/cli/genesis_msg.go:447.16,449.3 1 0
github.com/CosmWasm/wasmd/x/wasm/client/cli/genesis_msg.go:457.57,459.36 2 7
github.com/CosmWasm/wasmd/x/wasm/client/cli/genesis_msg.go:465.2,465.12 1 7
github.com/CosmWasm/wasmd/x/wasm/client/cli/genesis_msg.go:459.36,460.52 1 3
github.com/CosmWasm/wasmd/x/wasm/client/cli/genesis_msg.go:460.52,462.9 2 3
github.com/CosmWasm/wasmd/x/wasm/client/cli/genesis_msg.go:470.53,472.36 2 7
github.com/CosmWasm/wasmd/x/wasm/client/cli/genesis_msg.go:478.2,478.12 1 7
github.com/CosmWasm/wasmd/x/wasm/client/cli/genesis_msg.go:472.36,473.48 1 1
github.com/CosmWasm/wasmd/x/wasm/client/cli/genesis_msg.go:473.48,475.9 2 1
github.com/CosmWasm/wasmd/x/wasm/client/cli/genesis_msg.go:484.66,486.16 2 21
github.com/CosmWasm/wasmd/x/wasm/client/cli/genesis_msg.go:489.2,489.24 1 21
github.com/CosmWasm/wasmd/x/wasm/client/cli/genesis_msg.go:493.2,494.16 2 20
github.com/CosmWasm/wasmd/x/wasm/client/cli/genesis_msg.go:497.2,499.16 3 2
github.com/CosmWasm/wasmd/x/wasm/client/cli/genesis_msg.go:503.2,507.16 4 2
github.com/CosmWasm/wasmd/x/wasm/client/cli/genesis_msg.go:511.2,512.16 2 2
github.com/CosmWasm/wasmd/x/wasm/client/cli/genesis_msg.go:516.2,516.26 1 1
github.com/CosmWasm/wasmd/x/wasm/client/cli/genesis_msg.go:486.16,488.3 1 0
github.com/CosmWasm/wasmd/x/wasm/client/cli/genesis_msg.go:489.24,491.3 1 1
github.com/CosmWasm/wasmd/x/wasm/client/cli/genesis_msg.go:494.16,496.3 1 18
github.com/CosmWasm/wasmd/x/wasm/client/cli/genesis_msg.go:499.16,501.3 1 0
github.com/CosmWasm/wasmd/x/wasm/client/cli/genesis_msg.go:507.16,509.3 1 0
github.com/CosmWasm/wasmd/x/wasm/client/cli/genesis_msg.go:512.16,514.3 1 1
github.com/CosmWasm/wasmd/x/wasm/client/cli/gov_tx.go:20.44,25.55 1 0
github.com/CosmWasm/wasmd/x/wasm/client/cli/gov_tx.go:79.2,91.12 10 0
github.com/CosmWasm/wasmd/x/wasm/client/cli/gov_tx.go:25.55,27.18 2 0
github.com/CosmWasm/wasmd/x/wasm/client/cli/gov_tx.go:31.4,32.18 2 0
github.com/CosmWasm/wasmd/x/wasm/client/cli/gov_tx.go:35.4,36.18 2 0
github.com/CosmWasm/wasmd/x/wasm/client/cli/gov_tx.go:39.4,39.23 1 0
github.com/CosmWasm/wasmd/x/wasm/client/cli/gov_tx.go:42.4,43.18 2 0
github.com/CosmWasm/wasmd/x/wasm/client/cli/gov_tx.go:46.4,47.18 2 0
github.com/CosmWasm/wasmd/x/wasm/client/cli/gov_tx.go:50.4,51.18 2 0
github.com/CosmWasm/wasmd/x/wasm/client/cli/gov_tx.go:54.4,55.18 2 0
github.com/CosmWasm/wasmd/x/wasm/client/cli/gov_tx.go:59.4,68.18 3 0
github.com/CosmWasm/wasmd/x/wasm/client/cli/gov_tx.go:71.4,71.45 1 0
github.com/CosmWasm/wasmd/x/wasm/client/cli/gov_tx.go:75.4,75.67 1 0
github.com/CosmWasm/wasmd/x/wasm/client/cli/gov_tx.go:27.18,29.5 1 0
github.com/CosmWasm/wasmd/x/wasm/client/cli/gov_tx.go:32.18,34.5 1 0
github.com/CosmWasm/wasmd/x/wasm/client/cli/gov_tx.go:36.18,38.5 1 0
github.com/CosmWasm/wasmd/x/wasm/client/cli/gov_tx.go:39.23,41.5 1 0
github.com/CosmWasm/wasmd/x/wasm/client/cli/gov_tx.go:43.18,45.5 1 0
github.com/CosmWasm/wasmd/x/wasm/client/cli/gov_tx.go:47.18,49.5 1 0
github.com/CosmWasm/wasmd/x/wasm/client/cli/gov_tx.go:51.18,53.5 1 0
github.com/CosmWasm/wasmd/x/wasm/client/cli/gov_tx.go:55.18,57.5 1 0
github.com/CosmWasm/wasmd/x/wasm/client/cli/gov_tx.go:68.18,70.5 1 0
github.com/CosmWasm/wasmd/x/wasm/client/cli/gov_tx.go:71.45,73.5 1 0
github.com/CosmWasm/wasmd/x/wasm/client/cli/gov_tx.go:94.54,99.55 1 0
github.com/CosmWasm/wasmd/x/wasm/client/cli/gov_tx.go:156.2,169.12 11 0
github.com/CosmWasm/wasmd/x/wasm/client/cli/gov_tx.go:99.55,101.18 2 0
github.com/CosmWasm/wasmd/x/wasm/client/cli/gov_tx.go:105.4,106.18 2 0
github.com/CosmWasm/wasmd/x/wasm/client/cli/gov_tx.go:110.4,111.18 2 0
github.com/CosmWasm/wasmd/x/wasm/client/cli/gov_tx.go:114.4,114.23 1 0
github.com/CosmWasm/wasmd/x/wasm/client/cli/gov_tx.go:117.4,118.18 2 0
github.com/CosmWasm/wasmd/x/wasm/client/cli/gov_tx.go:121.4,122.18 2 0
github.com/CosmWasm/wasmd/x/wasm/client/cli/gov_tx.go:125.4,126.18 2 0
github.com/CosmWasm/wasmd/x/wasm/client/cli/gov_tx.go:129.4,130.18 2 0
github.com/CosmWasm/wasmd/x/wasm/client/cli/gov_tx.go:134.4,146.18 3 0
github.com/CosmWasm/wasmd/x/wasm/client/cli/gov_tx.go:149.4,149.45 1 0
github.com/CosmWasm/wasmd/x/wasm/client/cli/gov_tx.go:153.4,153.67 1 0
github.com/CosmWasm/wasmd/x/wasm/client/cli/gov_tx.go:101.18,103.5 1 0
github.com/CosmWasm/wasmd/x/wasm/client/cli/gov_tx.go:106.18,108.5 1 0
github.com/CosmWasm/wasmd/x/wasm/client/cli/gov_tx.go:111.18,113.5 1 0
github.com/CosmWasm/wasmd/x/wasm/client/cli/gov_tx.go:114.23,116.5 1 0
github.com/CosmWasm/wasmd/x/wasm/client/cli/gov_tx.go:118.18,120.5 1 0
github.com/CosmWasm/wasmd/x/wasm/client/cli/gov_tx.go:122.18,124.5 1 0
github.com/CosmWasm/wasmd/x/wasm/client/cli/gov_tx.go:126.18,128.5 1 0
github.com/CosmWasm/wasmd/x/wasm/client/cli/gov_tx.go:130.18,132.5 1 0
github.com/CosmWasm/wasmd/x/wasm/client/cli/gov_tx.go:146.18,148.5 1 0
github.com/CosmWasm/wasmd/x/wasm/client/cli/gov_tx.go:149.45,151.5 1 0
github.com/CosmWasm/wasmd/x/wasm/client/cli/gov_tx.go:172.50,177.55 1 0
github.com/CosmWasm/wasmd/x/wasm/client/cli/gov_tx.go:226.2,232.12 6 0
github.com/CosmWasm/wasmd/x/wasm/client/cli/gov_tx.go:177.55,179.18 2 0
github.com/CosmWasm/wasmd/x/wasm/client/cli/gov_tx.go:183.4,184.18 2 0
github.com/CosmWasm/wasmd/x/wasm/client/cli/gov_tx.go:188.4,189.18 2 0
github.com/CosmWasm/wasmd/x/wasm/client/cli/gov_tx.go:192.4,193.18 2 0
github.com/CosmWasm/wasmd/x/wasm/client/cli/gov_tx.go:196.4,197.18 2 0
github.com/CosmWasm/wasmd/x/wasm/client/cli/gov_tx.go:200.4,201.18 2 0
github.com/CosmWasm/wasmd/x/wasm/client/cli/gov_tx.go:205.4,214.18 3 0
github.com/CosmWasm/wasmd/x/wasm/client/cli/gov_tx.go:217.4,217.45 1 0
github.com/CosmWasm/wasmd/x/wasm/client/cli/gov_tx.go:221.4,221.67 1 0
github.com/CosmWasm/wasmd/x/wasm/client/cli/gov_tx.go:179.18,181.5 1 0
github.com/CosmWasm/wasmd/x/wasm/client/cli/gov_tx.go:184.18,186.5 1 0
github.com/CosmWasm/wasmd/x/wasm/client/cli/gov_tx.go:189.18,191.5 1 0
github.com/CosmWasm/wasmd/x/wasm/client/cli/gov_tx.go:193.18,195.5 1 0
github.com/CosmWasm/wasmd/x/wasm/client/cli/gov_tx.go:197.18,199.5 1 0
github.com/CosmWasm/wasmd/x/wasm/client/cli/gov_tx.go:201.18,203.5 1 0
github.com/CosmWasm/wasmd/x/wasm/client/cli/gov_tx.go:214.18,216.5 1 0
github.com/CosmWasm/wasmd/x/wasm/client/cli/gov_tx.go:217.45,219.5 1 0
github.com/CosmWasm/wasmd/x/wasm/client/cli/gov_tx.go:235.50,240.55 1 0
github.com/CosmWasm/wasmd/x/wasm/client/cli/gov_tx.go:301.2,311.12 8 0
github.com/CosmWasm/wasmd/x/wasm/client/cli/gov_tx.go:240.55,242.18 2 0
github.com/CosmWasm/wasmd/x/wasm/client/cli/gov_tx.go:246.4,249.18 4 0
github.com/CosmWasm/wasmd/x/wasm/client/cli/gov_tx.go:252.4,253.18 2 0
github.com/CosmWasm/wasmd/x/wasm/client/cli/gov_tx.go:256.4,257.18 2 0
github.com/CosmWasm/wasmd/x/wasm/client/cli/gov_tx.go:261.4,261.23 1 0
github.com/CosmWasm/wasmd/x/wasm/client/cli/gov_tx.go:264.4,265.18 2 0
github.com/CosmWasm/wasmd/x/wasm/client/cli/gov_tx.go:268.4,269.18 2 0
github.com/CosmWasm/wasmd/x/wasm/client/cli/gov_tx.go:272.4,273.18 2 0
github.com/CosmWasm/wasmd/x/wasm/client/cli/gov_tx.go:276.4,277.18 2 0
github.com/CosmWasm/wasmd/x/wasm/client/cli/gov_tx.go:281.4,291.18 3 0
github.com/CosmWasm/wasmd/x/wasm/client/cli/gov_tx.go:294.4,294.45 1 0
github.com/CosmWasm/wasmd/x/wasm/client/cli/gov_tx.go:298.4,298.67 1 0
github.com/CosmWasm/wasmd/x/wasm/client/cli/gov_tx.go:242.18,244.5 1 0
github.com/CosmWasm/wasmd/x/wasm/client/cli/gov_tx.go:249.18,251.5 1 0
github.com/CosmWasm/wasmd/x/wasm/client/cli/gov_tx.go:253.18,255.5 1 0
github.com/CosmWasm/wasmd/x/wasm/client/cli/gov_tx.go:257.18,259.5 1 0
github.com/CosmWasm/wasmd/x/wasm/client/cli/gov_tx.go:261.23,263.5 1 0
github.com/CosmWasm/wasmd/x/wasm/client/cli/gov_tx.go:265.18,267.5 1 0
github.com/CosmWasm/wasmd/x/wasm/client/cli/gov_tx.go:269.18,271.5 1 0
github.com/CosmWasm/wasmd/x/wasm/client/cli/gov_tx.go:273.18,275.5 1 0
github.com/CosmWasm/wasmd/x/wasm/client/cli/gov_tx.go:277.18,279.5 1 0
github.com/CosmWasm/wasmd/x/wasm/client/cli/gov_tx.go:291.18,293.5 1 0
github.com/CosmWasm/wasmd/x/wasm/client/cli/gov_tx.go:294.45,296.5 1 0
github.com/CosmWasm/wasmd/x/wasm/client/cli/gov_tx.go:314.47,319.55 1 0
github.com/CosmWasm/wasmd/x/wasm/client/cli/gov_tx.go:365.2,371.12 6 0
github.com/CosmWasm/wasmd/x/wasm/client/cli/gov_tx.go:319.55,321.18 2 0
github.com/CosmWasm/wasmd/x/wasm/client/cli/gov_tx.go:325.4,329.18 4 0
github.com/CosmWasm/wasmd/x/wasm/client/cli/gov_tx.go:332.4,333.18 2 0
github.com/CosmWasm/wasmd/x/wasm/client/cli/gov_tx.go:336.4,337.18 2 0
github.com/CosmWasm/wasmd/x/wasm/client/cli/gov_tx.go:340.4,341.18 2 0
github.com/CosmWasm/wasmd/x/wasm/client/cli/gov_tx.go:345.4,353.18 3 0
github.com/CosmWasm/wasmd/x/wasm/client/cli/gov_tx.go:356.4,356.45 1 0
github.com/CosmWasm/wasmd/x/wasm/client/cli/gov_tx.go:360.4,360.67 1 0
github.com/CosmWasm/wasmd/x/wasm/client/cli/gov_tx.go:321.18,323.5 1 0
github.com/CosmWasm/wasmd/x/wasm/client/cli/gov_tx.go:329.18,331.5 1 0
github.com/CosmWasm/wasmd/x/wasm/client/cli/gov_tx.go:333.18,335.5 1 0
github.com/CosmWasm/wasmd/x/wasm/client/cli/gov_tx.go:337.18,339.5 1 0
github.com/CosmWasm/wasmd/x/wasm/client/cli/gov_tx.go:341.18,343.5 1 0
github.com/CosmWasm/wasmd/x/wasm/client/cli/gov_tx.go:353.18,355.5 1 0
github.com/CosmWasm/wasmd/x/wasm/client/cli/gov_tx.go:356.45,358.5 1 0
github.com/CosmWasm/wasmd/x/wasm/client/cli/gov_tx.go:374.54,379.55 1 0
github.com/CosmWasm/wasmd/x/wasm/client/cli/gov_tx.go:426.2,432.12 6 0
github.com/CosmWasm/wasmd/x/wasm/client/cli/gov_tx.go:379.55,381.18 2 0
github.com/CosmWasm/wasmd/x/wasm/client/cli/gov_tx.go:385.4,386.18 2 0
github.com/CosmWasm/wasmd/x/wasm/client/cli/gov_tx.go:390.4,391.18 2 0
github.com/CosmWasm/wasmd/x/wasm/client/cli/gov_tx.go:394.4,395.18 2 0
github.com/CosmWasm/wasmd/x/wasm/client/cli/gov_tx.go:398.4,399.18 2 0
github.com/CosmWasm/wasmd/x/wasm/client/cli/gov_tx.go:402.4,403.18 2 0
github.com/CosmWasm/wasmd/x/wasm/client/cli/gov_tx.go:407.4,415.18 3 0
github.com/CosmWasm/wasmd/x/wasm/client/cli/gov_tx.go:418.4,418.45 1 0
github.com/CosmWasm/wasmd/x/wasm/client/cli/gov_tx.go:422.4,422.67 1 0
github.com/CosmWasm/wasmd/x/wasm/client/cli/gov_tx.go:381.18,383.5 1 0
github.com/CosmWasm/wasmd/x/wasm/client/cli/gov_tx.go:386.18,388.5 1 0
github.com/CosmWasm/wasmd/x/wasm/client/cli/gov_tx.go:391.18,393.5 1 0
github.com/CosmWasm/wasmd/x/wasm/client/cli/gov_tx.go:395.18,397.5 1 0
github.com/CosmWasm/wasmd/x/wasm/client/cli/gov_tx.go:399.18,401.5 1 0
github.com/CosmWasm/wasmd/x/wasm/client/cli/gov_tx.go:403.18,405.5 1 0
github.com/CosmWasm/wasmd/x/wasm/client/cli/gov_tx.go:415.18,417.5 1 0
github.com/CosmWasm/wasmd/x/wasm/client/cli/gov_tx.go:418.45,420.5 1 0
github.com/CosmWasm/wasmd/x/wasm/client/cli/gov_tx.go:435.53,440.55 1 0
github.com/CosmWasm/wasmd/x/wasm/client/cli/gov_tx.go:481.2,487.12 6 0
github.com/CosmWasm/wasmd/x/wasm/client/cli/gov_tx.go:440.55,442.18 2 0
github.com/CosmWasm/wasmd/x/wasm/client/cli/gov_tx.go:446.4,447.18 2 0
github.com/CosmWasm/wasmd/x/wasm/client/cli/gov_tx.go:450.4,451.18 2 0
github.com/CosmWasm/wasmd/x/wasm/client/cli/gov_tx.go:454.4,455.18 2 0
github.com/CosmWasm/wasmd/x/wasm/client/cli/gov_tx.go:458.4,459.18 2 0
github.com/CosmWasm/wasmd/x/wasm/client/cli/gov_tx.go:463.4,470.18 3 0
github.com/CosmWasm/wasmd/x/wasm/client/cli/gov_tx.go:473.4,473.45 1 0
github.com/CosmWasm/wasmd/x/wasm/client/cli/gov_tx.go:477.4,477.67 1 0
github.com/CosmWasm/wasmd/x/wasm/client/cli/gov_tx.go:442.18,444.5 1 0
github.com/CosmWasm/wasmd/x/wasm/client/cli/gov_tx.go:447.18,449.5 1 0
github.com/CosmWasm/wasmd/x/wasm/client/cli/gov_tx.go:451.18,453.5 1 0
github.com/CosmWasm/wasmd/x/wasm/client/cli/gov_tx.go:455.18,457.5 1 0
github.com/CosmWasm/wasmd/x/wasm/client/cli/gov_tx.go:459.18,461.5 1 0
github.com/CosmWasm/wasmd/x/wasm/client/cli/gov_tx.go:470.18,472.5 1 0
github.com/CosmWasm/wasmd/x/wasm/client/cli/gov_tx.go:473.45,475.5 1 0
github.com/CosmWasm/wasmd/x/wasm/client/cli/gov_tx.go:490.43,495.55 1 0
github.com/CosmWasm/wasmd/x/wasm/client/cli/gov_tx.go:540.2,546.12 6 0
github.com/CosmWasm/wasmd/x/wasm/client/cli/gov_tx.go:495.55,497.18 2 0
github.com/CosmWasm/wasmd/x/wasm/client/cli/gov_tx.go:501.4,502.18 2 0
github.com/CosmWasm/wasmd/x/wasm/client/cli/gov_tx.go:505.4,506.18 2 0
github.com/CosmWasm/wasmd/x/wasm/client/cli/gov_tx.go:509.4,510.18 2 0
github.com/CosmWasm/wasmd/x/wasm/client/cli/gov_tx.go:513.4,514.18 2 0
github.com/CosmWasm/wasmd/x/wasm/client/cli/gov_tx.go:517.4,518.18 2 0
github.com/CosmWasm/wasmd/x/wasm/client/cli/gov_tx.go:522.4,529.18 3 0
github.com/CosmWasm/wasmd/x/wasm/client/cli/gov_tx.go:532.4,532.45 1 0
github.com/CosmWasm/wasmd/x/wasm/client/cli/gov_tx.go:536.4,536.67 1 0
github.com/CosmWasm/wasmd/x/wasm/client/cli/gov_tx.go:497.18,499.5 1 0
github.com/CosmWasm/wasmd/x/wasm/client/cli/gov_tx.go:502.18,504.5 1 0
github.com/CosmWasm/wasmd/x/wasm/client/cli/gov_tx.go:506.18,508.5 1 0
github.com/CosmWasm/wasmd/x/wasm/client/cli/gov_tx.go:510.18,512.5 1 0
github.com/CosmWasm/wasmd/x/wasm/client/cli/gov_tx.go:514.18,516.5 1 0
github.com/CosmWasm/wasmd/x/wasm/client/cli/gov_tx.go:518.18,520.5 1 0
github.com/CosmWasm/wasmd/x/wasm/client/cli/gov_tx.go:529.18,531.5 1 0
github.com/CosmWasm/wasmd/x/wasm/client/cli/gov_tx.go:532.45,534.5 1 0
github.com/CosmWasm/wasmd/x/wasm/client/cli/gov_tx.go:549.57,551.25 2 0
github.com/CosmWasm/wasmd/x/wasm/client/cli/gov_tx.go:558.2,558.21 1 0
github.com/CosmWasm/wasmd/x/wasm/client/cli/gov_tx.go:551.25,553.17 2 0
github.com/CosmWasm/wasmd/x/wasm/client/cli/gov_tx.go:556.3,556.22 1 0
github.com/CosmWasm/wasmd/x/wasm/client/cli/gov_tx.go:553.17,555.4 1 0
github.com/CosmWasm/wasmd/x/wasm/client/cli/gov_tx.go:561.45,566.55 1 0
github.com/CosmWasm/wasmd/x/wasm/client/cli/gov_tx.go:611.2,617.12 6 0
github.com/CosmWasm/wasmd/x/wasm/client/cli/gov_tx.go:566.55,568.18 2 0
github.com/CosmWasm/wasmd/x/wasm/client/cli/gov_tx.go:572.4,573.18 2 0
github.com/CosmWasm/wasmd/x/wasm/client/cli/gov_tx.go:576.4,577.18 2 0
github.com/CosmWasm/wasmd/x/wasm/client/cli/gov_tx.go:580.4,581.18 2 0
github.com/CosmWasm/wasmd/x/wasm/client/cli/gov_tx.go:584.4,585.18 2 0
github.com/CosmWasm/wasmd/x/wasm/client/cli/gov_tx.go:588.4,589.18 2 0
github.com/CosmWasm/wasmd/x/wasm/client/cli/gov_tx.go:593.4,600.18 3 0
github.com/CosmWasm/wasmd/x/wasm/client/cli/gov_tx.go:603.4,603.45 1 0
github.com/CosmWasm/wasmd/x/wasm/client/cli/gov_tx.go:607.4,607.67 1 0
github.com/CosmWasm/wasmd/x/wasm/client/cli/gov_tx.go:568.18,570.5 1 0
github.com/CosmWasm/wasmd/x/wasm/client/cli/gov_tx.go:573.18,575.5 1 0
github.com/CosmWasm/wasmd/x/wasm/client/cli/gov_tx.go:577.18,579.5 1 0
github.com/CosmWasm/wasmd/x/wasm/client/cli/gov_tx.go:581.18,583.5 1 0
github.com/CosmWasm/wasmd/x/wasm/client/cli/gov_tx.go:585.18,587.5 1 0
github.com/CosmWasm/wasmd/x/wasm/client/cli/gov_tx.go:589.18,591.5 1 0
github.com/CosmWasm/wasmd/x/wasm/client/cli/gov_tx.go:600.18,602.5 1 0
github.com/CosmWasm/wasmd/x/wasm/client/cli/gov_tx.go:603.45,605.5 1 0
github.com/CosmWasm/wasmd/x/wasm/client/cli/gov_tx.go:620.67,621.16 1 0
github.com/CosmWasm/wasmd/x/wasm/client/cli/gov_tx.go:622.16,623.32 1 0
github.com/CosmWasm/wasmd/x/wasm/client/cli/gov_tx.go:624.19,625.35 1 0
github.com/CosmWasm/wasmd/x/wasm/client/cli/gov_tx.go:626.10,628.17 2 0
github.com/CosmWasm/wasmd/x/wasm/client/cli/gov_tx.go:631.3,631.56 1 0
github.com/CosmWasm/wasmd/x/wasm/client/cli/gov_tx.go:628.17,630.4 1 0
github.com/CosmWasm/wasmd/x/wasm/client/cli/gov_tx.go:635.82,637.25 2 0
github.com/CosmWasm/wasmd/x/wasm/client/cli/gov_tx.go:659.2,659.21 1 0
github.com/CosmWasm/wasmd/x/wasm/client/cli/gov_tx.go:637.25,641.22 2 0
github.com/CosmWasm/wasmd/x/wasm/client/cli/gov_tx.go:645.3,646.17 2 0
github.com/CosmWasm/wasmd/x/wasm/client/cli/gov_tx.go:650.3,651.17 2 0
github.com/CosmWasm/wasmd/x/wasm/client/cli/gov_tx.go:654.3,657.4 1 0
github.com/CosmWasm/wasmd/x/wasm/client/cli/gov_tx.go:641.22,643.4 1 0
github.com/CosmWasm/wasmd/x/wasm/client/cli/gov_tx.go:646.17,648.4 1 0
github.com/CosmWasm/wasmd/x/wasm/client/cli/gov_tx.go:651.17,653.4 1 0
github.com/CosmWasm/wasmd/x/wasm/client/cli/gov_tx.go:662.58,674.55 2 0
github.com/CosmWasm/wasmd/x/wasm/client/cli/gov_tx.go:718.2,724.12 6 0
github.com/CosmWasm/wasmd/x/wasm/client/cli/gov_tx.go:674.55,676.18 2 0
github.com/CosmWasm/wasmd/x/wasm/client/cli/gov_tx.go:680.4,681.18 2 0
github.com/CosmWasm/wasmd/x/wasm/client/cli/gov_tx.go:684.4,685.18 2 0
github.com/CosmWasm/wasmd/x/wasm/client/cli/gov_tx.go:688.4,689.18 2 0
github.com/CosmWasm/wasmd/x/wasm/client/cli/gov_tx.go:692.4,693.18 2 0
github.com/CosmWasm/wasmd/x/wasm/client/cli/gov_tx.go:696.4,697.18 2 0
github.com/CosmWasm/wasmd/x/wasm/client/cli/gov_tx.go:701.4,707.18 3 0
github.com/CosmWasm/wasmd/x/wasm/client/cli/gov_tx.go:710.4,710.45 1 0
github.com/CosmWasm/wasmd/x/wasm/client/cli/gov_tx.go:714.4,714.67 1 0
github.com/CosmWasm/wasmd/x/wasm/client/cli/gov_tx.go:676.18,678.5 1 0
github.com/CosmWasm/wasmd/x/wasm/client/cli/gov_tx.go:681.18,683.5 1 0
github.com/CosmWasm/wasmd/x/wasm/client/cli/gov_tx.go:685.18,687.5 1 0
github.com/CosmWasm/wasmd/x/wasm/client/cli/gov_tx.go:689.18,691.5 1 0
github.com/CosmWasm/wasmd/x/wasm/client/cli/gov_tx.go:693.18,695.5 1 0
github.com/CosmWasm/wasmd/x/wasm/client/cli/gov_tx.go:697.18,699.5 1 0
github.com/CosmWasm/wasmd/x/wasm/client/cli/gov_tx.go:707.18,709.5 1 0
github.com/CosmWasm/wasmd/x/wasm/client/cli/gov_tx.go:710.45,712.5 1 0
